<?xml version="1.0" encoding="UTF-8"?>
<testsuite xmlns:xsi="http://www.w3.org/2001/XMLSchema-instance" xsi:noNamespaceSchemaLocation="https://maven.apache.org/surefire/maven-surefire-plugin/xsd/surefire-test-report-3.0.xsd" version="3.0" name="TestSuite" time="324.502" tests="2" errors="0" skipped="0" failures="1">
  <properties>
    <property name="sun.desktop" value="windows"/>
    <property name="awt.toolkit" value="sun.awt.windows.WToolkit"/>
    <property name="file.encoding.pkg" value="sun.io"/>
    <property name="java.specification.version" value="1.8"/>
    <property name="sun.cpu.isalist" value="amd64"/>
    <property name="sun.jnu.encoding" value="Cp1252"/>
    <property name="java.class.path" value="D:\CarinaAppiumPOC\target\test-classes;D:\CarinaAppiumPOC\target\classes;C:\Users\Lalit Rajopadhye\.m2\repository\junit\junit\3.8.1\junit-3.8.1.jar;C:\Users\Lalit Rajopadhye\.m2\repository\com\aspose\aspose-words\19.12\aspose-words-19.12-jdk17.jar;C:\Users\Lalit Rajopadhye\.m2\repository\com\aspose\aspose-words\19.12\aspose-words-19.12-shaping-harfbuzz-plugin.jar;C:\Users\Lalit Rajopadhye\.m2\repository\com\aspose\aspose-words\19.12\aspose-words-19.12-javadoc.jar;C:\Users\Lalit Rajopadhye\.m2\repository\log4j\log4j\1.2.17\log4j-1.2.17.jar;C:\Users\Lalit Rajopadhye\.m2\repository\com\qaprosoft\carina-core\6.4.35\carina-core-6.4.35.jar;C:\Users\Lalit Rajopadhye\.m2\repository\com\qaprosoft\carina-dataprovider\6.4.35\carina-dataprovider-6.4.35.jar;C:\Users\Lalit Rajopadhye\.m2\repository\com\qaprosoft\carina-commons\6.4.35\carina-commons-6.4.35.jar;C:\Users\Lalit Rajopadhye\.m2\repository\net\sf\opencsv\opencsv\1.7\opencsv-1.7.jar;C:\Users\Lalit Rajopadhye\.m2\repository\com\google\apis\google-api-services-sheets\v4-rev581-1.25.0\google-api-services-sheets-v4-rev581-1.25.0.jar;C:\Users\Lalit Rajopadhye\.m2\repository\com\google\api-client\google-api-client\1.25.0\google-api-client-1.25.0.jar;C:\Users\Lalit Rajopadhye\.m2\repository\com\google\oauth-client\google-oauth-client\1.25.0\google-oauth-client-1.25.0.jar;C:\Users\Lalit Rajopadhye\.m2\repository\com\qaprosoft\carina-utils\6.4.35\carina-utils-6.4.35.jar;C:\Users\Lalit Rajopadhye\.m2\repository\com\qaprosoft\carina-crypto\6.4.35\carina-crypto-6.4.35.jar;C:\Users\Lalit Rajopadhye\.m2\repository\commons-cli\commons-cli\1.2\commons-cli-1.2.jar;C:\Users\Lalit Rajopadhye\.m2\repository\com\sun\jna\jna\3.0.9\jna-3.0.9.jar;C:\Users\Lalit Rajopadhye\.m2\repository\com\jayway\restassured\rest-assured\2.9.0\rest-assured-2.9.0.jar;C:\Users\Lalit Rajopadhye\.m2\repository\org\codehaus\groovy\groovy\2.4.4\groovy-2.4.4.jar;C:\Users\Lalit Rajopadhye\.m2\repository\org\codehaus\groovy\groovy-xml\2.4.4\groovy-xml-2.4.4.jar;C:\Users\Lalit Rajopadhye\.m2\repository\org\ccil\cowan\tagsoup\tagsoup\1.2.1\tagsoup-1.2.1.jar;C:\Users\Lalit Rajopadhye\.m2\repository\com\jayway\restassured\xml-path\2.9.0\xml-path-2.9.0.jar;C:\Users\Lalit Rajopadhye\.m2\repository\com\jayway\restassured\json-path\2.9.0\json-path-2.9.0.jar;C:\Users\Lalit Rajopadhye\.m2\repository\org\codehaus\groovy\groovy-json\2.4.4\groovy-json-2.4.4.jar;C:\Users\Lalit Rajopadhye\.m2\repository\com\jayway\restassured\rest-assured-common\2.9.0\rest-assured-common-2.9.0.jar;C:\Users\Lalit Rajopadhye\.m2\repository\com\fasterxml\jackson\core\jackson-databind\2.9.10.3\jackson-databind-2.9.10.3.jar;C:\Users\Lalit Rajopadhye\.m2\repository\com\fasterxml\jackson\core\jackson-core\2.9.10\jackson-core-2.9.10.jar;C:\Users\Lalit Rajopadhye\.m2\repository\com\fasterxml\jackson\core\jackson-annotations\2.9.9\jackson-annotations-2.9.9.jar;C:\Users\Lalit Rajopadhye\.m2\repository\org\mongodb\mongo-java-driver\2.11.3\mongo-java-driver-2.11.3.jar;C:\Users\Lalit Rajopadhye\.m2\repository\joda-time\joda-time\2.9.9\joda-time-2.9.9.jar;C:\Users\Lalit Rajopadhye\.m2\repository\commons-net\commons-net\3.3\commons-net-3.3.jar;C:\Users\Lalit Rajopadhye\.m2\repository\net\rcarz\jira-client\0.5\jira-client-0.5.jar;C:\Users\Lalit Rajopadhye\.m2\repository\net\sf\json-lib\json-lib\2.4\json-lib-2.4-jdk15.jar;C:\Users\Lalit Rajopadhye\.m2\repository\net\sf\ezmorph\ezmorph\1.0.6\ezmorph-1.0.6.jar;C:\Users\Lalit Rajopadhye\.m2\repository\commons-httpclient\commons-httpclient\3.1\commons-httpclient-3.1.jar;C:\Users\Lalit Rajopadhye\.m2\repository\org\imgscalr\imgscalr-lib\4.2\imgscalr-lib-4.2.jar;C:\Users\Lalit Rajopadhye\.m2\repository\javax\xml\bind\jaxb-api\2.2.2\jaxb-api-2.2.2.jar;C:\Users\Lalit Rajopadhye\.m2\repository\javax\xml\stream\stax-api\1.0-2\stax-api-1.0-2.jar;C:\Users\Lalit Rajopadhye\.m2\repository\javax\activation\activation\1.1\activation-1.1.jar;C:\Users\Lalit Rajopadhye\.m2\repository\com\qaprosoft\carina-api\6.4.35\carina-api-6.4.35.jar;C:\Users\Lalit Rajopadhye\.m2\repository\commons-configuration\commons-configuration\1.7\commons-configuration-1.7.jar;C:\Users\Lalit Rajopadhye\.m2\repository\org\skyscreamer\jsonassert\1.2.3\jsonassert-1.2.3.jar;C:\Users\Lalit Rajopadhye\.m2\repository\com\github\fge\json-schema-validator\2.2.6\json-schema-validator-2.2.6.jar;C:\Users\Lalit Rajopadhye\.m2\repository\com\googlecode\libphonenumber\libphonenumber\6.2\libphonenumber-6.2.jar;C:\Users\Lalit Rajopadhye\.m2\repository\com\github\fge\json-schema-core\1.2.5\json-schema-core-1.2.5.jar;C:\Users\Lalit Rajopadhye\.m2\repository\com\github\fge\uri-template\0.9\uri-template-0.9.jar;C:\Users\Lalit Rajopadhye\.m2\repository\com\github\fge\msg-simple\1.1\msg-simple-1.1.jar;C:\Users\Lalit Rajopadhye\.m2\repository\com\github\fge\btf\1.2\btf-1.2.jar;C:\Users\Lalit Rajopadhye\.m2\repository\com\github\fge\jackson-coreutils\1.8\jackson-coreutils-1.8.jar;C:\Users\Lalit Rajopadhye\.m2\repository\org\mozilla\rhino\1.7R4\rhino-1.7R4.jar;C:\Users\Lalit Rajopadhye\.m2\repository\javax\mail\mailapi\1.4.3\mailapi-1.4.3.jar;C:\Users\Lalit Rajopadhye\.m2\repository\net\sf\jopt-simple\jopt-simple\4.6\jopt-simple-4.6.jar;C:\Users\Lalit Rajopadhye\.m2\repository\org\everit\json\org.everit.json.schema\1.5.1\org.everit.json.schema-1.5.1.jar;C:\Users\Lalit Rajopadhye\.m2\repository\org\hamcrest\hamcrest-library\1.3\hamcrest-library-1.3.jar;C:\Users\Lalit Rajopadhye\.m2\repository\org\json\json\20090211\json-20090211.jar;C:\Users\Lalit Rajopadhye\.m2\repository\org\hamcrest\hamcrest-core\1.3\hamcrest-core-1.3.jar;C:\Users\Lalit Rajopadhye\.m2\repository\com\qaprosoft\carina-reporting\6.4.35\carina-reporting-6.4.35.jar;C:\Users\Lalit Rajopadhye\.m2\repository\com\pojosontheweb\monte-repack\1.0\monte-repack-1.0.jar;C:\Users\Lalit Rajopadhye\.m2\repository\javax\media\jai\com.springsource.javax.media.jai.core\1.1.3\com.springsource.javax.media.jai.core-1.1.3.jar;C:\Users\Lalit Rajopadhye\.m2\repository\javax\media\jai\com.springsource.javax.media.jai.codec\1.1.3\com.springsource.javax.media.jai.codec-1.1.3.jar;C:\Users\Lalit Rajopadhye\.m2\repository\javax\media\jmf\2.1.1e\jmf-2.1.1e.jar;C:\Users\Lalit Rajopadhye\.m2\repository\com\qaprosoft\carina-webdriver\6.4.35\carina-webdriver-6.4.35.jar;C:\Users\Lalit Rajopadhye\.m2\repository\org\seleniumhq\selenium\selenium-firefox-driver\3.141.59\selenium-firefox-driver-3.141.59.jar;C:\Users\Lalit Rajopadhye\.m2\repository\org\seleniumhq\selenium\selenium-chrome-driver\3.141.59\selenium-chrome-driver-3.141.59.jar;C:\Users\Lalit Rajopadhye\.m2\repository\ru\yandex\qatools\ashot\ashot\1.5.3\ashot-1.5.3.jar;C:\Users\Lalit Rajopadhye\.m2\repository\com\googlecode\lambdaj\lambdaj\2.3.3\lambdaj-2.3.3.jar;C:\Users\Lalit Rajopadhye\.m2\repository\org\objenesis\objenesis\1.2\objenesis-1.2.jar;C:\Users\Lalit Rajopadhye\.m2\repository\cglib\cglib-nodep\2.2\cglib-nodep-2.2.jar;C:\Users\Lalit Rajopadhye\.m2\repository\com\qaprosoft\alice-client\1.1.0\alice-client-1.1.0.jar;C:\Users\Lalit Rajopadhye\.m2\repository\com\qaprosoft\alice-models\1.1.0\alice-models-1.1.0.jar;C:\Users\Lalit Rajopadhye\.m2\repository\org\springframework\spring-tx\4.3.2.RELEASE\spring-tx-4.3.2.RELEASE.jar;C:\Users\Lalit Rajopadhye\.m2\repository\org\springframework\spring-jdbc\4.3.2.RELEASE\spring-jdbc-4.3.2.RELEASE.jar;C:\Users\Lalit Rajopadhye\.m2\repository\org\springframework\data\spring-data-mongodb\1.9.2.RELEASE\spring-data-mongodb-1.9.2.RELEASE.jar;C:\Users\Lalit Rajopadhye\.m2\repository\org\springframework\data\spring-data-commons\1.12.2.RELEASE\spring-data-commons-1.12.2.RELEASE.jar;C:\Users\Lalit Rajopadhye\.m2\repository\org\springframework\data\spring-data-redis\1.7.2.RELEASE\spring-data-redis-1.7.2.RELEASE.jar;C:\Users\Lalit Rajopadhye\.m2\repository\org\springframework\data\spring-data-keyvalue\1.1.2.RELEASE\spring-data-keyvalue-1.1.2.RELEASE.jar;C:\Users\Lalit Rajopadhye\.m2\repository\org\springframework\spring-oxm\4.2.6.RELEASE\spring-oxm-4.2.6.RELEASE.jar;C:\Users\Lalit Rajopadhye\.m2\repository\org\springframework\spring-context-support\4.2.6.RELEASE\spring-context-support-4.2.6.RELEASE.jar;C:\Users\Lalit Rajopadhye\.m2\repository\org\springframework\security\spring-security-core\4.2.3.RELEASE\spring-security-core-4.2.3.RELEASE.jar;C:\Users\Lalit Rajopadhye\.m2\repository\net\sourceforge\jtds\jtds\1.3.1\jtds-1.3.1.jar;C:\Users\Lalit Rajopadhye\.m2\repository\javax\servlet\jstl\1.2\jstl-1.2.jar;C:\Users\Lalit Rajopadhye\.m2\repository\com\sun\jersey\contribs\jersey-multipart\1.19.4\jersey-multipart-1.19.4.jar;C:\Users\Lalit Rajopadhye\.m2\repository\org\jvnet\mimepull\mimepull\1.9.3\mimepull-1.9.3.jar;C:\Users\Lalit Rajopadhye\.m2\repository\org\reflections\reflections\0.9.10\reflections-0.9.10.jar;C:\Users\Lalit Rajopadhye\.m2\repository\org\javassist\javassist\3.19.0-GA\javassist-3.19.0-GA.jar;C:\Users\Lalit Rajopadhye\.m2\repository\com\google\code\findbugs\annotations\2.0.1\annotations-2.0.1.jar;C:\Users\Lalit Rajopadhye\.m2\repository\com\sun\jersey\jersey-core\1.19.4\jersey-core-1.19.4.jar;C:\Users\Lalit Rajopadhye\.m2\repository\javax\ws\rs\jsr311-api\1.1.1\jsr311-api-1.1.1.jar;C:\Users\Lalit Rajopadhye\.m2\repository\org\hamcrest\hamcrest-all\1.3\hamcrest-all-1.3.jar;C:\Users\Lalit Rajopadhye\.m2\repository\com\qaprosoft\carina-appcenter\6.4.35\carina-appcenter-6.4.35.jar;C:\Users\Lalit Rajopadhye\.m2\repository\org\springframework\spring-web\4.1.1.RELEASE\spring-web-4.1.1.RELEASE.jar;C:\Users\Lalit Rajopadhye\.m2\repository\com\qaprosoft\carina-aws-s3\6.4.35\carina-aws-s3-6.4.35.jar;C:\Users\Lalit Rajopadhye\.m2\repository\com\amazonaws\aws-java-sdk-core\1.11.386\aws-java-sdk-core-1.11.386.jar;C:\Users\Lalit Rajopadhye\.m2\repository\software\amazon\ion\ion-java\1.0.2\ion-java-1.0.2.jar;C:\Users\Lalit Rajopadhye\.m2\repository\com\fasterxml\jackson\dataformat\jackson-dataformat-cbor\2.6.7\jackson-dataformat-cbor-2.6.7.jar;C:\Users\Lalit Rajopadhye\.m2\repository\com\qaprosoft\carina-proxy\6.4.35\carina-proxy-6.4.35.jar;C:\Users\Lalit Rajopadhye\.m2\repository\net\lightbody\bmp\browsermob-core\2.1.5\browsermob-core-2.1.5.jar;C:\Users\Lalit Rajopadhye\.m2\repository\net\lightbody\bmp\littleproxy\1.1.0-beta-bmp-17\littleproxy-1.1.0-beta-bmp-17.jar;C:\Users\Lalit Rajopadhye\.m2\repository\dnsjava\dnsjava\2.1.8\dnsjava-2.1.8.jar;C:\Users\Lalit Rajopadhye\.m2\repository\com\jcraft\jzlib\1.1.3\jzlib-1.1.3.jar;C:\Users\Lalit Rajopadhye\.m2\repository\org\bouncycastle\bcprov-jdk15on\1.58\bcprov-jdk15on-1.58.jar;C:\Users\Lalit Rajopadhye\.m2\repository\org\bouncycastle\bcpkix-jdk15on\1.58\bcpkix-jdk15on-1.58.jar;C:\Users\Lalit Rajopadhye\.m2\repository\net\lightbody\bmp\mitm\2.1.5\mitm-2.1.5.jar;C:\Users\Lalit Rajopadhye\.m2\repository\io\netty\netty-all\4.1.17.Final\netty-all-4.1.17.Final.jar;C:\Users\Lalit Rajopadhye\.m2\repository\org\apache\commons\commons-lang3\3.5\commons-lang3-3.5.jar;C:\Users\Lalit Rajopadhye\.m2\repository\commons-io\commons-io\2.5\commons-io-2.5.jar;C:\Users\Lalit Rajopadhye\.m2\repository\commons-collections\commons-collections\3.2.1\commons-collections-3.2.1.jar;C:\Users\Lalit Rajopadhye\.m2\repository\com\qaprosoft\zafira-client\4.2.70\zafira-client-4.2.70.jar;C:\Users\Lalit Rajopadhye\.m2\repository\org\apache\commons\commons-configuration2\2.5\commons-configuration2-2.5.jar;C:\Users\Lalit Rajopadhye\.m2\repository\com\google\http-client\google-http-client-jackson2\1.31.0\google-http-client-jackson2-1.31.0.jar;C:\Users\Lalit Rajopadhye\.m2\repository\com\google\http-client\google-http-client\1.31.0\google-http-client-1.31.0.jar;C:\Users\Lalit Rajopadhye\.m2\repository\io\opencensus\opencensus-api\0.21.0\opencensus-api-0.21.0.jar;C:\Users\Lalit Rajopadhye\.m2\repository\io\grpc\grpc-context\1.19.0\grpc-context-1.19.0.jar;C:\Users\Lalit Rajopadhye\.m2\repository\io\opencensus\opencensus-contrib-http-util\0.21.0\opencensus-contrib-http-util-0.21.0.jar;C:\Users\Lalit Rajopadhye\.m2\repository\com\sun\jersey\jersey-client\1.19.4\jersey-client-1.19.4.jar;C:\Users\Lalit Rajopadhye\.m2\repository\com\sun\jersey\jersey-json\1.19.4\jersey-json-1.19.4.jar;C:\Users\Lalit Rajopadhye\.m2\repository\org\codehaus\jettison\jettison\1.1\jettison-1.1.jar;C:\Users\Lalit Rajopadhye\.m2\repository\com\sun\xml\bind\jaxb-impl\2.2.3-1\jaxb-impl-2.2.3-1.jar;C:\Users\Lalit Rajopadhye\.m2\repository\org\codehaus\jackson\jackson-core-asl\1.9.2\jackson-core-asl-1.9.2.jar;C:\Users\Lalit Rajopadhye\.m2\repository\org\codehaus\jackson\jackson-mapper-asl\1.9.2\jackson-mapper-asl-1.9.2.jar;C:\Users\Lalit Rajopadhye\.m2\repository\org\codehaus\jackson\jackson-jaxrs\1.9.2\jackson-jaxrs-1.9.2.jar;C:\Users\Lalit Rajopadhye\.m2\repository\org\codehaus\jackson\jackson-xc\1.9.2\jackson-xc-1.9.2.jar;C:\Users\Lalit Rajopadhye\.m2\repository\com\owlike\genson\0.99\genson-0.99.jar;C:\Users\Lalit Rajopadhye\.m2\repository\com\rabbitmq\amqp-client\5.7.2\amqp-client-5.7.2.jar;C:\Users\Lalit Rajopadhye\.m2\repository\javax\validation\validation-api\2.0.1.Final\validation-api-2.0.1.Final.jar;C:\Users\Lalit Rajopadhye\.m2\repository\org\hibernate\validator\hibernate-validator\6.0.17.Final\hibernate-validator-6.0.17.Final.jar;C:\Users\Lalit Rajopadhye\.m2\repository\com\fasterxml\classmate\1.3.4\classmate-1.3.4.jar;C:\Users\Lalit Rajopadhye\.m2\repository\org\seleniumhq\selenium\selenium-support\3.141.59\selenium-support-3.141.59.jar;C:\Users\Lalit Rajopadhye\.m2\repository\com\amazonaws\aws-java-sdk-s3\1.11.386\aws-java-sdk-s3-1.11.386.jar;C:\Users\Lalit Rajopadhye\.m2\repository\com\nordstrom\tools\testng-foundation\2.0.1\testng-foundation-2.0.1.jar;C:\Users\Lalit Rajopadhye\.m2\repository\com\nordstrom\tools\java-utils\1.9.3\java-utils-1.9.3.jar;C:\Users\Lalit Rajopadhye\.m2\repository\com\nordstrom\tools\settings\2.3.3\settings-2.3.3.jar;C:\Users\Lalit Rajopadhye\.m2\repository\org\apache\httpcomponents\httpclient\4.5.9\httpclient-4.5.9.jar;C:\Users\Lalit Rajopadhye\.m2\repository\org\apache\httpcomponents\httpcore\4.4.11\httpcore-4.4.11.jar;C:\Users\Lalit Rajopadhye\.m2\repository\commons-logging\commons-logging\1.2\commons-logging-1.2.jar;C:\Users\Lalit Rajopadhye\.m2\repository\commons-codec\commons-codec\1.11\commons-codec-1.11.jar;C:\Users\Lalit Rajopadhye\.m2\repository\org\apache\commons\commons-text\1.8\commons-text-1.8.jar;C:\Users\Lalit Rajopadhye\.m2\repository\com\jcabi\jcabi-xml\0.21.5\jcabi-xml-0.21.5.jar;C:\Users\Lalit Rajopadhye\.m2\repository\com\jcabi\jcabi-log\0.17.2\jcabi-log-0.17.2.jar;C:\Users\Lalit Rajopadhye\.m2\repository\org\cactoos\cactoos\0.20\cactoos-0.20.jar;C:\Users\Lalit Rajopadhye\.m2\repository\com\jcabi\jcabi-immutable\1.4\jcabi-immutable-1.4.jar;C:\Users\Lalit Rajopadhye\.m2\repository\com\jcabi\jcabi-aspects\0.20.1\jcabi-aspects-0.20.1.jar;C:\Users\Lalit Rajopadhye\.m2\repository\org\aspectj\aspectjrt\1.8.2\aspectjrt-1.8.2.jar;C:\Users\Lalit Rajopadhye\.m2\repository\org\seleniumhq\selenium\selenium-remote-driver\3.141.59\selenium-remote-driver-3.141.59.jar;C:\Users\Lalit Rajopadhye\.m2\repository\net\bytebuddy\byte-buddy\1.8.15\byte-buddy-1.8.15.jar;C:\Users\Lalit Rajopadhye\.m2\repository\org\apache\commons\commons-exec\1.3\commons-exec-1.3.jar;C:\Users\Lalit Rajopadhye\.m2\repository\com\squareup\okhttp3\okhttp\3.11.0\okhttp-3.11.0.jar;C:\Users\Lalit Rajopadhye\.m2\repository\com\squareup\okio\okio\1.14.0\okio-1.14.0.jar;C:\Users\Lalit Rajopadhye\.m2\repository\org\seleniumhq\selenium\selenium-api\3.141.59\selenium-api-3.141.59.jar;C:\Users\Lalit Rajopadhye\.m2\repository\io\appium\java-client\7.2.0\java-client-7.2.0.jar;C:\Users\Lalit Rajopadhye\.m2\repository\org\seleniumhq\selenium\selenium-java\3.141.59\selenium-java-3.141.59.jar;C:\Users\Lalit Rajopadhye\.m2\repository\org\seleniumhq\selenium\selenium-edge-driver\3.141.59\selenium-edge-driver-3.141.59.jar;C:\Users\Lalit Rajopadhye\.m2\repository\org\seleniumhq\selenium\selenium-ie-driver\3.141.59\selenium-ie-driver-3.141.59.jar;C:\Users\Lalit Rajopadhye\.m2\repository\org\seleniumhq\selenium\selenium-opera-driver\3.141.59\selenium-opera-driver-3.141.59.jar;C:\Users\Lalit Rajopadhye\.m2\repository\org\seleniumhq\selenium\selenium-safari-driver\3.141.59\selenium-safari-driver-3.141.59.jar;C:\Users\Lalit Rajopadhye\.m2\repository\cglib\cglib\3.2.12\cglib-3.2.12.jar;C:\Users\Lalit Rajopadhye\.m2\repository\org\ow2\asm\asm\7.1\asm-7.1.jar;C:\Users\Lalit Rajopadhye\.m2\repository\commons-validator\commons-validator\1.6\commons-validator-1.6.jar;C:\Users\Lalit Rajopadhye\.m2\repository\commons-digester\commons-digester\1.8.1\commons-digester-1.8.1.jar;C:\Users\Lalit Rajopadhye\.m2\repository\org\springframework\spring-context\5.1.8.RELEASE\spring-context-5.1.8.RELEASE.jar;C:\Users\Lalit Rajopadhye\.m2\repository\org\springframework\spring-aop\5.1.8.RELEASE\spring-aop-5.1.8.RELEASE.jar;C:\Users\Lalit Rajopadhye\.m2\repository\org\springframework\spring-beans\5.1.8.RELEASE\spring-beans-5.1.8.RELEASE.jar;C:\Users\Lalit Rajopadhye\.m2\repository\org\springframework\spring-core\5.1.8.RELEASE\spring-core-5.1.8.RELEASE.jar;C:\Users\Lalit Rajopadhye\.m2\repository\org\springframework\spring-jcl\5.1.8.RELEASE\spring-jcl-5.1.8.RELEASE.jar;C:\Users\Lalit Rajopadhye\.m2\repository\org\springframework\spring-expression\5.1.8.RELEASE\spring-expression-5.1.8.RELEASE.jar;C:\Users\Lalit Rajopadhye\.m2\repository\org\aspectj\aspectjweaver\1.9.4\aspectjweaver-1.9.4.jar;C:\Users\Lalit Rajopadhye\.m2\repository\org\slf4j\slf4j-api\1.7.26\slf4j-api-1.7.26.jar;C:\Users\Lalit Rajopadhye\.m2\repository\com\googlecode\json-simple\json-simple\1.1\json-simple-1.1.jar;C:\Users\Lalit Rajopadhye\.m2\repository\com\google\code\gson\gson\2.8.5\gson-2.8.5.jar;C:\Users\Lalit Rajopadhye\.m2\repository\com\google\inject\guice\4.0\guice-4.0.jar;C:\Users\Lalit Rajopadhye\.m2\repository\javax\inject\javax.inject\1\javax.inject-1.jar;C:\Users\Lalit Rajopadhye\.m2\repository\aopalliance\aopalliance\1.0\aopalliance-1.0.jar;C:\Users\Lalit Rajopadhye\.m2\repository\com\google\guava\guava\23.0\guava-23.0.jar;C:\Users\Lalit Rajopadhye\.m2\repository\com\google\code\findbugs\jsr305\1.3.9\jsr305-1.3.9.jar;C:\Users\Lalit Rajopadhye\.m2\repository\com\google\errorprone\error_prone_annotations\2.0.18\error_prone_annotations-2.0.18.jar;C:\Users\Lalit Rajopadhye\.m2\repository\com\google\j2objc\j2objc-annotations\1.1\j2objc-annotations-1.1.jar;C:\Users\Lalit Rajopadhye\.m2\repository\org\codehaus\mojo\animal-sniffer-annotations\1.14\animal-sniffer-annotations-1.14.jar;C:\Users\Lalit Rajopadhye\.m2\repository\org\testng\testng\7.0.0\testng-7.0.0.jar;C:\Users\Lalit Rajopadhye\.m2\repository\com\beust\jcommander\1.72\jcommander-1.72.jar;C:\Users\Lalit Rajopadhye\.m2\repository\au\com\bytecode\opencsv\2.4\opencsv-2.4.jar;C:\Users\Lalit Rajopadhye\.m2\repository\org\atteo\xml-combiner\2.2\xml-combiner-2.2.jar;C:\Users\Lalit Rajopadhye\.m2\repository\org\apache\pdfbox\pdfbox\2.0.8\pdfbox-2.0.8.jar;C:\Users\Lalit Rajopadhye\.m2\repository\org\apache\pdfbox\fontbox\2.0.8\fontbox-2.0.8.jar;C:\Users\Lalit Rajopadhye\.m2\repository\com\itextpdf\itextpdf\5.0.6\itextpdf-5.0.6.jar;C:\Users\Lalit Rajopadhye\.m2\repository\org\bouncycastle\bcmail-jdk14\1.38\bcmail-jdk14-1.38.jar;C:\Users\Lalit Rajopadhye\.m2\repository\org\bouncycastle\bcprov-jdk14\1.38\bcprov-jdk14-1.38.jar;C:\Users\Lalit Rajopadhye\.m2\repository\org\bouncycastle\bctsp-jdk14\1.38\bctsp-jdk14-1.38.jar;C:\Users\Lalit Rajopadhye\.m2\repository\com\aventstack\extentreports\4.0.9\extentreports-4.0.9.jar;C:\Users\Lalit Rajopadhye\.m2\repository\org\mongodb\mongodb-driver\3.3.0\mongodb-driver-3.3.0.jar;C:\Users\Lalit Rajopadhye\.m2\repository\org\mongodb\mongodb-driver-core\3.3.0\mongodb-driver-core-3.3.0.jar;C:\Users\Lalit Rajopadhye\.m2\repository\org\mongodb\bson\3.3.0\bson-3.3.0.jar;C:\Users\Lalit Rajopadhye\.m2\repository\org\apache\httpcomponents\httpmime\4.5.2\httpmime-4.5.2.jar;C:\Users\Lalit Rajopadhye\.m2\repository\org\freemarker\freemarker\2.3.23\freemarker-2.3.23.jar;C:\Users\Lalit Rajopadhye\.m2\repository\org\apache\poi\poi\3.17\poi-3.17.jar;C:\Users\Lalit Rajopadhye\.m2\repository\org\apache\commons\commons-collections4\4.1\commons-collections4-4.1.jar;C:\Users\Lalit Rajopadhye\.m2\repository\org\apache\poi\poi-ooxml\3.17\poi-ooxml-3.17.jar;C:\Users\Lalit Rajopadhye\.m2\repository\com\github\virtuald\curvesapi\1.04\curvesapi-1.04.jar;C:\Users\Lalit Rajopadhye\.m2\repository\org\apache\poi\poi-scratchpad\3.17\poi-scratchpad-3.17.jar;C:\Users\Lalit Rajopadhye\.m2\repository\org\apache\poi\poi-ooxml-schemas\3.17\poi-ooxml-schemas-3.17.jar;C:\Users\Lalit Rajopadhye\.m2\repository\org\apache\xmlbeans\xmlbeans\2.6.0\xmlbeans-2.6.0.jar;C:\Users\Lalit Rajopadhye\.m2\repository\stax\stax-api\1.0.1\stax-api-1.0.1.jar;C:\Users\Lalit Rajopadhye\.m2\repository\com\opencsv\opencsv\4.1\opencsv-4.1.jar;C:\Users\Lalit Rajopadhye\.m2\repository\commons-beanutils\commons-beanutils\1.9.3\commons-beanutils-1.9.3.jar;C:\Users\Lalit Rajopadhye\.m2\repository\net\sourceforge\tess4j\tess4j\4.4.1\tess4j-4.4.1.jar;C:\Users\Lalit Rajopadhye\.m2\repository\net\java\dev\jna\jna\5.4.0\jna-5.4.0.jar;C:\Users\Lalit Rajopadhye\.m2\repository\com\github\jai-imageio\jai-imageio-core\1.4.0\jai-imageio-core-1.4.0.jar;C:\Users\Lalit Rajopadhye\.m2\repository\org\ghost4j\ghost4j\1.0.1\ghost4j-1.0.1.jar;C:\Users\Lalit Rajopadhye\.m2\repository\org\apache\xmlgraphics\xmlgraphics-commons\1.4\xmlgraphics-commons-1.4.jar;C:\Users\Lalit Rajopadhye\.m2\repository\com\lowagie\itext\2.1.7\itext-2.1.7.jar;C:\Users\Lalit Rajopadhye\.m2\repository\org\apache\pdfbox\pdfbox-tools\2.0.17\pdfbox-tools-2.0.17.jar;C:\Users\Lalit Rajopadhye\.m2\repository\org\apache\pdfbox\pdfbox-debugger\2.0.17\pdfbox-debugger-2.0.17.jar;C:\Users\Lalit Rajopadhye\.m2\repository\org\apache\pdfbox\jbig2-imageio\3.0.2\jbig2-imageio-3.0.2.jar;C:\Users\Lalit Rajopadhye\.m2\repository\net\sourceforge\lept4j\lept4j\1.12.3\lept4j-1.12.3.jar;C:\Users\Lalit Rajopadhye\.m2\repository\org\jboss\jboss-vfs\3.2.14.Final\jboss-vfs-3.2.14.Final.jar;C:\Users\Lalit Rajopadhye\.m2\repository\org\jboss\logging\jboss-logging\3.1.4.GA\jboss-logging-3.1.4.GA.jar;C:\Users\Lalit Rajopadhye\.m2\repository\ch\qos\logback\logback-classic\1.2.3\logback-classic-1.2.3.jar;C:\Users\Lalit Rajopadhye\.m2\repository\ch\qos\logback\logback-core\1.2.3\logback-core-1.2.3.jar;C:\Users\Lalit Rajopadhye\.m2\repository\org\slf4j\jul-to-slf4j\1.7.28\jul-to-slf4j-1.7.28.jar;C:\Users\Lalit Rajopadhye\.m2\repository\org\slf4j\jcl-over-slf4j\1.7.28\jcl-over-slf4j-1.7.28.jar;C:\Users\Lalit Rajopadhye\.m2\repository\org\slf4j\log4j-over-slf4j\1.7.28\log4j-over-slf4j-1.7.28.jar;"/>
    <property name="java.vm.vendor" value="Oracle Corporation"/>
    <property name="sun.arch.data.model" value="64"/>
    <property name="user.variant" value=""/>
    <property name="java.vendor.url" value="http://java.oracle.com/"/>
    <property name="user.timezone" value="Asia/Calcutta"/>
    <property name="java.vm.specification.version" value="1.8"/>
    <property name="os.name" value="Windows 10"/>
    <property name="user.country" value="US"/>
    <property name="sun.java.launcher" value="SUN_STANDARD"/>
    <property name="sun.boot.library.path" value="C:\Program Files\Java\jdk1.8.0_231\jre\bin"/>
    <property name="sun.java.command" value="C:\Users\Lalit Rajopadhye\AppData\Local\Temp\surefire7392889092622948366\surefirebooter424391826720903110.jar C:\Users\Lalit Rajopadhye\AppData\Local\Temp\surefire7392889092622948366 2020-06-03T11-47-56_868-jvmRun1 surefire5251867534624403458tmp surefire_0576626604437617911tmp"/>
    <property name="surefire.test.class.path" value="D:\CarinaAppiumPOC\target\test-classes;D:\CarinaAppiumPOC\target\classes;C:\Users\Lalit Rajopadhye\.m2\repository\junit\junit\3.8.1\junit-3.8.1.jar;C:\Users\Lalit Rajopadhye\.m2\repository\com\aspose\aspose-words\19.12\aspose-words-19.12-jdk17.jar;C:\Users\Lalit Rajopadhye\.m2\repository\com\aspose\aspose-words\19.12\aspose-words-19.12-shaping-harfbuzz-plugin.jar;C:\Users\Lalit Rajopadhye\.m2\repository\com\aspose\aspose-words\19.12\aspose-words-19.12-javadoc.jar;C:\Users\Lalit Rajopadhye\.m2\repository\log4j\log4j\1.2.17\log4j-1.2.17.jar;C:\Users\Lalit Rajopadhye\.m2\repository\com\qaprosoft\carina-core\6.4.35\carina-core-6.4.35.jar;C:\Users\Lalit Rajopadhye\.m2\repository\com\qaprosoft\carina-dataprovider\6.4.35\carina-dataprovider-6.4.35.jar;C:\Users\Lalit Rajopadhye\.m2\repository\com\qaprosoft\carina-commons\6.4.35\carina-commons-6.4.35.jar;C:\Users\Lalit Rajopadhye\.m2\repository\net\sf\opencsv\opencsv\1.7\opencsv-1.7.jar;C:\Users\Lalit Rajopadhye\.m2\repository\com\google\apis\google-api-services-sheets\v4-rev581-1.25.0\google-api-services-sheets-v4-rev581-1.25.0.jar;C:\Users\Lalit Rajopadhye\.m2\repository\com\google\api-client\google-api-client\1.25.0\google-api-client-1.25.0.jar;C:\Users\Lalit Rajopadhye\.m2\repository\com\google\oauth-client\google-oauth-client\1.25.0\google-oauth-client-1.25.0.jar;C:\Users\Lalit Rajopadhye\.m2\repository\com\qaprosoft\carina-utils\6.4.35\carina-utils-6.4.35.jar;C:\Users\Lalit Rajopadhye\.m2\repository\com\qaprosoft\carina-crypto\6.4.35\carina-crypto-6.4.35.jar;C:\Users\Lalit Rajopadhye\.m2\repository\commons-cli\commons-cli\1.2\commons-cli-1.2.jar;C:\Users\Lalit Rajopadhye\.m2\repository\com\sun\jna\jna\3.0.9\jna-3.0.9.jar;C:\Users\Lalit Rajopadhye\.m2\repository\com\jayway\restassured\rest-assured\2.9.0\rest-assured-2.9.0.jar;C:\Users\Lalit Rajopadhye\.m2\repository\org\codehaus\groovy\groovy\2.4.4\groovy-2.4.4.jar;C:\Users\Lalit Rajopadhye\.m2\repository\org\codehaus\groovy\groovy-xml\2.4.4\groovy-xml-2.4.4.jar;C:\Users\Lalit Rajopadhye\.m2\repository\org\ccil\cowan\tagsoup\tagsoup\1.2.1\tagsoup-1.2.1.jar;C:\Users\Lalit Rajopadhye\.m2\repository\com\jayway\restassured\xml-path\2.9.0\xml-path-2.9.0.jar;C:\Users\Lalit Rajopadhye\.m2\repository\com\jayway\restassured\json-path\2.9.0\json-path-2.9.0.jar;C:\Users\Lalit Rajopadhye\.m2\repository\org\codehaus\groovy\groovy-json\2.4.4\groovy-json-2.4.4.jar;C:\Users\Lalit Rajopadhye\.m2\repository\com\jayway\restassured\rest-assured-common\2.9.0\rest-assured-common-2.9.0.jar;C:\Users\Lalit Rajopadhye\.m2\repository\com\fasterxml\jackson\core\jackson-databind\2.9.10.3\jackson-databind-2.9.10.3.jar;C:\Users\Lalit Rajopadhye\.m2\repository\com\fasterxml\jackson\core\jackson-core\2.9.10\jackson-core-2.9.10.jar;C:\Users\Lalit Rajopadhye\.m2\repository\com\fasterxml\jackson\core\jackson-annotations\2.9.9\jackson-annotations-2.9.9.jar;C:\Users\Lalit Rajopadhye\.m2\repository\org\mongodb\mongo-java-driver\2.11.3\mongo-java-driver-2.11.3.jar;C:\Users\Lalit Rajopadhye\.m2\repository\joda-time\joda-time\2.9.9\joda-time-2.9.9.jar;C:\Users\Lalit Rajopadhye\.m2\repository\commons-net\commons-net\3.3\commons-net-3.3.jar;C:\Users\Lalit Rajopadhye\.m2\repository\net\rcarz\jira-client\0.5\jira-client-0.5.jar;C:\Users\Lalit Rajopadhye\.m2\repository\net\sf\json-lib\json-lib\2.4\json-lib-2.4-jdk15.jar;C:\Users\Lalit Rajopadhye\.m2\repository\net\sf\ezmorph\ezmorph\1.0.6\ezmorph-1.0.6.jar;C:\Users\Lalit Rajopadhye\.m2\repository\commons-httpclient\commons-httpclient\3.1\commons-httpclient-3.1.jar;C:\Users\Lalit Rajopadhye\.m2\repository\org\imgscalr\imgscalr-lib\4.2\imgscalr-lib-4.2.jar;C:\Users\Lalit Rajopadhye\.m2\repository\javax\xml\bind\jaxb-api\2.2.2\jaxb-api-2.2.2.jar;C:\Users\Lalit Rajopadhye\.m2\repository\javax\xml\stream\stax-api\1.0-2\stax-api-1.0-2.jar;C:\Users\Lalit Rajopadhye\.m2\repository\javax\activation\activation\1.1\activation-1.1.jar;C:\Users\Lalit Rajopadhye\.m2\repository\com\qaprosoft\carina-api\6.4.35\carina-api-6.4.35.jar;C:\Users\Lalit Rajopadhye\.m2\repository\commons-configuration\commons-configuration\1.7\commons-configuration-1.7.jar;C:\Users\Lalit Rajopadhye\.m2\repository\org\skyscreamer\jsonassert\1.2.3\jsonassert-1.2.3.jar;C:\Users\Lalit Rajopadhye\.m2\repository\com\github\fge\json-schema-validator\2.2.6\json-schema-validator-2.2.6.jar;C:\Users\Lalit Rajopadhye\.m2\repository\com\googlecode\libphonenumber\libphonenumber\6.2\libphonenumber-6.2.jar;C:\Users\Lalit Rajopadhye\.m2\repository\com\github\fge\json-schema-core\1.2.5\json-schema-core-1.2.5.jar;C:\Users\Lalit Rajopadhye\.m2\repository\com\github\fge\uri-template\0.9\uri-template-0.9.jar;C:\Users\Lalit Rajopadhye\.m2\repository\com\github\fge\msg-simple\1.1\msg-simple-1.1.jar;C:\Users\Lalit Rajopadhye\.m2\repository\com\github\fge\btf\1.2\btf-1.2.jar;C:\Users\Lalit Rajopadhye\.m2\repository\com\github\fge\jackson-coreutils\1.8\jackson-coreutils-1.8.jar;C:\Users\Lalit Rajopadhye\.m2\repository\org\mozilla\rhino\1.7R4\rhino-1.7R4.jar;C:\Users\Lalit Rajopadhye\.m2\repository\javax\mail\mailapi\1.4.3\mailapi-1.4.3.jar;C:\Users\Lalit Rajopadhye\.m2\repository\net\sf\jopt-simple\jopt-simple\4.6\jopt-simple-4.6.jar;C:\Users\Lalit Rajopadhye\.m2\repository\org\everit\json\org.everit.json.schema\1.5.1\org.everit.json.schema-1.5.1.jar;C:\Users\Lalit Rajopadhye\.m2\repository\org\hamcrest\hamcrest-library\1.3\hamcrest-library-1.3.jar;C:\Users\Lalit Rajopadhye\.m2\repository\org\json\json\20090211\json-20090211.jar;C:\Users\Lalit Rajopadhye\.m2\repository\org\hamcrest\hamcrest-core\1.3\hamcrest-core-1.3.jar;C:\Users\Lalit Rajopadhye\.m2\repository\com\qaprosoft\carina-reporting\6.4.35\carina-reporting-6.4.35.jar;C:\Users\Lalit Rajopadhye\.m2\repository\com\pojosontheweb\monte-repack\1.0\monte-repack-1.0.jar;C:\Users\Lalit Rajopadhye\.m2\repository\javax\media\jai\com.springsource.javax.media.jai.core\1.1.3\com.springsource.javax.media.jai.core-1.1.3.jar;C:\Users\Lalit Rajopadhye\.m2\repository\javax\media\jai\com.springsource.javax.media.jai.codec\1.1.3\com.springsource.javax.media.jai.codec-1.1.3.jar;C:\Users\Lalit Rajopadhye\.m2\repository\javax\media\jmf\2.1.1e\jmf-2.1.1e.jar;C:\Users\Lalit Rajopadhye\.m2\repository\com\qaprosoft\carina-webdriver\6.4.35\carina-webdriver-6.4.35.jar;C:\Users\Lalit Rajopadhye\.m2\repository\org\seleniumhq\selenium\selenium-firefox-driver\3.141.59\selenium-firefox-driver-3.141.59.jar;C:\Users\Lalit Rajopadhye\.m2\repository\org\seleniumhq\selenium\selenium-chrome-driver\3.141.59\selenium-chrome-driver-3.141.59.jar;C:\Users\Lalit Rajopadhye\.m2\repository\ru\yandex\qatools\ashot\ashot\1.5.3\ashot-1.5.3.jar;C:\Users\Lalit Rajopadhye\.m2\repository\com\googlecode\lambdaj\lambdaj\2.3.3\lambdaj-2.3.3.jar;C:\Users\Lalit Rajopadhye\.m2\repository\org\objenesis\objenesis\1.2\objenesis-1.2.jar;C:\Users\Lalit Rajopadhye\.m2\repository\cglib\cglib-nodep\2.2\cglib-nodep-2.2.jar;C:\Users\Lalit Rajopadhye\.m2\repository\com\qaprosoft\alice-client\1.1.0\alice-client-1.1.0.jar;C:\Users\Lalit Rajopadhye\.m2\repository\com\qaprosoft\alice-models\1.1.0\alice-models-1.1.0.jar;C:\Users\Lalit Rajopadhye\.m2\repository\org\springframework\spring-tx\4.3.2.RELEASE\spring-tx-4.3.2.RELEASE.jar;C:\Users\Lalit Rajopadhye\.m2\repository\org\springframework\spring-jdbc\4.3.2.RELEASE\spring-jdbc-4.3.2.RELEASE.jar;C:\Users\Lalit Rajopadhye\.m2\repository\org\springframework\data\spring-data-mongodb\1.9.2.RELEASE\spring-data-mongodb-1.9.2.RELEASE.jar;C:\Users\Lalit Rajopadhye\.m2\repository\org\springframework\data\spring-data-commons\1.12.2.RELEASE\spring-data-commons-1.12.2.RELEASE.jar;C:\Users\Lalit Rajopadhye\.m2\repository\org\springframework\data\spring-data-redis\1.7.2.RELEASE\spring-data-redis-1.7.2.RELEASE.jar;C:\Users\Lalit Rajopadhye\.m2\repository\org\springframework\data\spring-data-keyvalue\1.1.2.RELEASE\spring-data-keyvalue-1.1.2.RELEASE.jar;C:\Users\Lalit Rajopadhye\.m2\repository\org\springframework\spring-oxm\4.2.6.RELEASE\spring-oxm-4.2.6.RELEASE.jar;C:\Users\Lalit Rajopadhye\.m2\repository\org\springframework\spring-context-support\4.2.6.RELEASE\spring-context-support-4.2.6.RELEASE.jar;C:\Users\Lalit Rajopadhye\.m2\repository\org\springframework\security\spring-security-core\4.2.3.RELEASE\spring-security-core-4.2.3.RELEASE.jar;C:\Users\Lalit Rajopadhye\.m2\repository\net\sourceforge\jtds\jtds\1.3.1\jtds-1.3.1.jar;C:\Users\Lalit Rajopadhye\.m2\repository\javax\servlet\jstl\1.2\jstl-1.2.jar;C:\Users\Lalit Rajopadhye\.m2\repository\com\sun\jersey\contribs\jersey-multipart\1.19.4\jersey-multipart-1.19.4.jar;C:\Users\Lalit Rajopadhye\.m2\repository\org\jvnet\mimepull\mimepull\1.9.3\mimepull-1.9.3.jar;C:\Users\Lalit Rajopadhye\.m2\repository\org\reflections\reflections\0.9.10\reflections-0.9.10.jar;C:\Users\Lalit Rajopadhye\.m2\repository\org\javassist\javassist\3.19.0-GA\javassist-3.19.0-GA.jar;C:\Users\Lalit Rajopadhye\.m2\repository\com\google\code\findbugs\annotations\2.0.1\annotations-2.0.1.jar;C:\Users\Lalit Rajopadhye\.m2\repository\com\sun\jersey\jersey-core\1.19.4\jersey-core-1.19.4.jar;C:\Users\Lalit Rajopadhye\.m2\repository\javax\ws\rs\jsr311-api\1.1.1\jsr311-api-1.1.1.jar;C:\Users\Lalit Rajopadhye\.m2\repository\org\hamcrest\hamcrest-all\1.3\hamcrest-all-1.3.jar;C:\Users\Lalit Rajopadhye\.m2\repository\com\qaprosoft\carina-appcenter\6.4.35\carina-appcenter-6.4.35.jar;C:\Users\Lalit Rajopadhye\.m2\repository\org\springframework\spring-web\4.1.1.RELEASE\spring-web-4.1.1.RELEASE.jar;C:\Users\Lalit Rajopadhye\.m2\repository\com\qaprosoft\carina-aws-s3\6.4.35\carina-aws-s3-6.4.35.jar;C:\Users\Lalit Rajopadhye\.m2\repository\com\amazonaws\aws-java-sdk-core\1.11.386\aws-java-sdk-core-1.11.386.jar;C:\Users\Lalit Rajopadhye\.m2\repository\software\amazon\ion\ion-java\1.0.2\ion-java-1.0.2.jar;C:\Users\Lalit Rajopadhye\.m2\repository\com\fasterxml\jackson\dataformat\jackson-dataformat-cbor\2.6.7\jackson-dataformat-cbor-2.6.7.jar;C:\Users\Lalit Rajopadhye\.m2\repository\com\qaprosoft\carina-proxy\6.4.35\carina-proxy-6.4.35.jar;C:\Users\Lalit Rajopadhye\.m2\repository\net\lightbody\bmp\browsermob-core\2.1.5\browsermob-core-2.1.5.jar;C:\Users\Lalit Rajopadhye\.m2\repository\net\lightbody\bmp\littleproxy\1.1.0-beta-bmp-17\littleproxy-1.1.0-beta-bmp-17.jar;C:\Users\Lalit Rajopadhye\.m2\repository\dnsjava\dnsjava\2.1.8\dnsjava-2.1.8.jar;C:\Users\Lalit Rajopadhye\.m2\repository\com\jcraft\jzlib\1.1.3\jzlib-1.1.3.jar;C:\Users\Lalit Rajopadhye\.m2\repository\org\bouncycastle\bcprov-jdk15on\1.58\bcprov-jdk15on-1.58.jar;C:\Users\Lalit Rajopadhye\.m2\repository\org\bouncycastle\bcpkix-jdk15on\1.58\bcpkix-jdk15on-1.58.jar;C:\Users\Lalit Rajopadhye\.m2\repository\net\lightbody\bmp\mitm\2.1.5\mitm-2.1.5.jar;C:\Users\Lalit Rajopadhye\.m2\repository\io\netty\netty-all\4.1.17.Final\netty-all-4.1.17.Final.jar;C:\Users\Lalit Rajopadhye\.m2\repository\org\apache\commons\commons-lang3\3.5\commons-lang3-3.5.jar;C:\Users\Lalit Rajopadhye\.m2\repository\commons-io\commons-io\2.5\commons-io-2.5.jar;C:\Users\Lalit Rajopadhye\.m2\repository\commons-collections\commons-collections\3.2.1\commons-collections-3.2.1.jar;C:\Users\Lalit Rajopadhye\.m2\repository\com\qaprosoft\zafira-client\4.2.70\zafira-client-4.2.70.jar;C:\Users\Lalit Rajopadhye\.m2\repository\org\apache\commons\commons-configuration2\2.5\commons-configuration2-2.5.jar;C:\Users\Lalit Rajopadhye\.m2\repository\com\google\http-client\google-http-client-jackson2\1.31.0\google-http-client-jackson2-1.31.0.jar;C:\Users\Lalit Rajopadhye\.m2\repository\com\google\http-client\google-http-client\1.31.0\google-http-client-1.31.0.jar;C:\Users\Lalit Rajopadhye\.m2\repository\io\opencensus\opencensus-api\0.21.0\opencensus-api-0.21.0.jar;C:\Users\Lalit Rajopadhye\.m2\repository\io\grpc\grpc-context\1.19.0\grpc-context-1.19.0.jar;C:\Users\Lalit Rajopadhye\.m2\repository\io\opencensus\opencensus-contrib-http-util\0.21.0\opencensus-contrib-http-util-0.21.0.jar;C:\Users\Lalit Rajopadhye\.m2\repository\com\sun\jersey\jersey-client\1.19.4\jersey-client-1.19.4.jar;C:\Users\Lalit Rajopadhye\.m2\repository\com\sun\jersey\jersey-json\1.19.4\jersey-json-1.19.4.jar;C:\Users\Lalit Rajopadhye\.m2\repository\org\codehaus\jettison\jettison\1.1\jettison-1.1.jar;C:\Users\Lalit Rajopadhye\.m2\repository\com\sun\xml\bind\jaxb-impl\2.2.3-1\jaxb-impl-2.2.3-1.jar;C:\Users\Lalit Rajopadhye\.m2\repository\org\codehaus\jackson\jackson-core-asl\1.9.2\jackson-core-asl-1.9.2.jar;C:\Users\Lalit Rajopadhye\.m2\repository\org\codehaus\jackson\jackson-mapper-asl\1.9.2\jackson-mapper-asl-1.9.2.jar;C:\Users\Lalit Rajopadhye\.m2\repository\org\codehaus\jackson\jackson-jaxrs\1.9.2\jackson-jaxrs-1.9.2.jar;C:\Users\Lalit Rajopadhye\.m2\repository\org\codehaus\jackson\jackson-xc\1.9.2\jackson-xc-1.9.2.jar;C:\Users\Lalit Rajopadhye\.m2\repository\com\owlike\genson\0.99\genson-0.99.jar;C:\Users\Lalit Rajopadhye\.m2\repository\com\rabbitmq\amqp-client\5.7.2\amqp-client-5.7.2.jar;C:\Users\Lalit Rajopadhye\.m2\repository\javax\validation\validation-api\2.0.1.Final\validation-api-2.0.1.Final.jar;C:\Users\Lalit Rajopadhye\.m2\repository\org\hibernate\validator\hibernate-validator\6.0.17.Final\hibernate-validator-6.0.17.Final.jar;C:\Users\Lalit Rajopadhye\.m2\repository\com\fasterxml\classmate\1.3.4\classmate-1.3.4.jar;C:\Users\Lalit Rajopadhye\.m2\repository\org\seleniumhq\selenium\selenium-support\3.141.59\selenium-support-3.141.59.jar;C:\Users\Lalit Rajopadhye\.m2\repository\com\amazonaws\aws-java-sdk-s3\1.11.386\aws-java-sdk-s3-1.11.386.jar;C:\Users\Lalit Rajopadhye\.m2\repository\com\nordstrom\tools\testng-foundation\2.0.1\testng-foundation-2.0.1.jar;C:\Users\Lalit Rajopadhye\.m2\repository\com\nordstrom\tools\java-utils\1.9.3\java-utils-1.9.3.jar;C:\Users\Lalit Rajopadhye\.m2\repository\com\nordstrom\tools\settings\2.3.3\settings-2.3.3.jar;C:\Users\Lalit Rajopadhye\.m2\repository\org\apache\httpcomponents\httpclient\4.5.9\httpclient-4.5.9.jar;C:\Users\Lalit Rajopadhye\.m2\repository\org\apache\httpcomponents\httpcore\4.4.11\httpcore-4.4.11.jar;C:\Users\Lalit Rajopadhye\.m2\repository\commons-logging\commons-logging\1.2\commons-logging-1.2.jar;C:\Users\Lalit Rajopadhye\.m2\repository\commons-codec\commons-codec\1.11\commons-codec-1.11.jar;C:\Users\Lalit Rajopadhye\.m2\repository\org\apache\commons\commons-text\1.8\commons-text-1.8.jar;C:\Users\Lalit Rajopadhye\.m2\repository\com\jcabi\jcabi-xml\0.21.5\jcabi-xml-0.21.5.jar;C:\Users\Lalit Rajopadhye\.m2\repository\com\jcabi\jcabi-log\0.17.2\jcabi-log-0.17.2.jar;C:\Users\Lalit Rajopadhye\.m2\repository\org\cactoos\cactoos\0.20\cactoos-0.20.jar;C:\Users\Lalit Rajopadhye\.m2\repository\com\jcabi\jcabi-immutable\1.4\jcabi-immutable-1.4.jar;C:\Users\Lalit Rajopadhye\.m2\repository\com\jcabi\jcabi-aspects\0.20.1\jcabi-aspects-0.20.1.jar;C:\Users\Lalit Rajopadhye\.m2\repository\org\aspectj\aspectjrt\1.8.2\aspectjrt-1.8.2.jar;C:\Users\Lalit Rajopadhye\.m2\repository\org\seleniumhq\selenium\selenium-remote-driver\3.141.59\selenium-remote-driver-3.141.59.jar;C:\Users\Lalit Rajopadhye\.m2\repository\net\bytebuddy\byte-buddy\1.8.15\byte-buddy-1.8.15.jar;C:\Users\Lalit Rajopadhye\.m2\repository\org\apache\commons\commons-exec\1.3\commons-exec-1.3.jar;C:\Users\Lalit Rajopadhye\.m2\repository\com\squareup\okhttp3\okhttp\3.11.0\okhttp-3.11.0.jar;C:\Users\Lalit Rajopadhye\.m2\repository\com\squareup\okio\okio\1.14.0\okio-1.14.0.jar;C:\Users\Lalit Rajopadhye\.m2\repository\org\seleniumhq\selenium\selenium-api\3.141.59\selenium-api-3.141.59.jar;C:\Users\Lalit Rajopadhye\.m2\repository\io\appium\java-client\7.2.0\java-client-7.2.0.jar;C:\Users\Lalit Rajopadhye\.m2\repository\org\seleniumhq\selenium\selenium-java\3.141.59\selenium-java-3.141.59.jar;C:\Users\Lalit Rajopadhye\.m2\repository\org\seleniumhq\selenium\selenium-edge-driver\3.141.59\selenium-edge-driver-3.141.59.jar;C:\Users\Lalit Rajopadhye\.m2\repository\org\seleniumhq\selenium\selenium-ie-driver\3.141.59\selenium-ie-driver-3.141.59.jar;C:\Users\Lalit Rajopadhye\.m2\repository\org\seleniumhq\selenium\selenium-opera-driver\3.141.59\selenium-opera-driver-3.141.59.jar;C:\Users\Lalit Rajopadhye\.m2\repository\org\seleniumhq\selenium\selenium-safari-driver\3.141.59\selenium-safari-driver-3.141.59.jar;C:\Users\Lalit Rajopadhye\.m2\repository\cglib\cglib\3.2.12\cglib-3.2.12.jar;C:\Users\Lalit Rajopadhye\.m2\repository\org\ow2\asm\asm\7.1\asm-7.1.jar;C:\Users\Lalit Rajopadhye\.m2\repository\commons-validator\commons-validator\1.6\commons-validator-1.6.jar;C:\Users\Lalit Rajopadhye\.m2\repository\commons-digester\commons-digester\1.8.1\commons-digester-1.8.1.jar;C:\Users\Lalit Rajopadhye\.m2\repository\org\springframework\spring-context\5.1.8.RELEASE\spring-context-5.1.8.RELEASE.jar;C:\Users\Lalit Rajopadhye\.m2\repository\org\springframework\spring-aop\5.1.8.RELEASE\spring-aop-5.1.8.RELEASE.jar;C:\Users\Lalit Rajopadhye\.m2\repository\org\springframework\spring-beans\5.1.8.RELEASE\spring-beans-5.1.8.RELEASE.jar;C:\Users\Lalit Rajopadhye\.m2\repository\org\springframework\spring-core\5.1.8.RELEASE\spring-core-5.1.8.RELEASE.jar;C:\Users\Lalit Rajopadhye\.m2\repository\org\springframework\spring-jcl\5.1.8.RELEASE\spring-jcl-5.1.8.RELEASE.jar;C:\Users\Lalit Rajopadhye\.m2\repository\org\springframework\spring-expression\5.1.8.RELEASE\spring-expression-5.1.8.RELEASE.jar;C:\Users\Lalit Rajopadhye\.m2\repository\org\aspectj\aspectjweaver\1.9.4\aspectjweaver-1.9.4.jar;C:\Users\Lalit Rajopadhye\.m2\repository\org\slf4j\slf4j-api\1.7.26\slf4j-api-1.7.26.jar;C:\Users\Lalit Rajopadhye\.m2\repository\com\googlecode\json-simple\json-simple\1.1\json-simple-1.1.jar;C:\Users\Lalit Rajopadhye\.m2\repository\com\google\code\gson\gson\2.8.5\gson-2.8.5.jar;C:\Users\Lalit Rajopadhye\.m2\repository\com\google\inject\guice\4.0\guice-4.0.jar;C:\Users\Lalit Rajopadhye\.m2\repository\javax\inject\javax.inject\1\javax.inject-1.jar;C:\Users\Lalit Rajopadhye\.m2\repository\aopalliance\aopalliance\1.0\aopalliance-1.0.jar;C:\Users\Lalit Rajopadhye\.m2\repository\com\google\guava\guava\23.0\guava-23.0.jar;C:\Users\Lalit Rajopadhye\.m2\repository\com\google\code\findbugs\jsr305\1.3.9\jsr305-1.3.9.jar;C:\Users\Lalit Rajopadhye\.m2\repository\com\google\errorprone\error_prone_annotations\2.0.18\error_prone_annotations-2.0.18.jar;C:\Users\Lalit Rajopadhye\.m2\repository\com\google\j2objc\j2objc-annotations\1.1\j2objc-annotations-1.1.jar;C:\Users\Lalit Rajopadhye\.m2\repository\org\codehaus\mojo\animal-sniffer-annotations\1.14\animal-sniffer-annotations-1.14.jar;C:\Users\Lalit Rajopadhye\.m2\repository\org\testng\testng\7.0.0\testng-7.0.0.jar;C:\Users\Lalit Rajopadhye\.m2\repository\com\beust\jcommander\1.72\jcommander-1.72.jar;C:\Users\Lalit Rajopadhye\.m2\repository\au\com\bytecode\opencsv\2.4\opencsv-2.4.jar;C:\Users\Lalit Rajopadhye\.m2\repository\org\atteo\xml-combiner\2.2\xml-combiner-2.2.jar;C:\Users\Lalit Rajopadhye\.m2\repository\org\apache\pdfbox\pdfbox\2.0.8\pdfbox-2.0.8.jar;C:\Users\Lalit Rajopadhye\.m2\repository\org\apache\pdfbox\fontbox\2.0.8\fontbox-2.0.8.jar;C:\Users\Lalit Rajopadhye\.m2\repository\com\itextpdf\itextpdf\5.0.6\itextpdf-5.0.6.jar;C:\Users\Lalit Rajopadhye\.m2\repository\org\bouncycastle\bcmail-jdk14\1.38\bcmail-jdk14-1.38.jar;C:\Users\Lalit Rajopadhye\.m2\repository\org\bouncycastle\bcprov-jdk14\1.38\bcprov-jdk14-1.38.jar;C:\Users\Lalit Rajopadhye\.m2\repository\org\bouncycastle\bctsp-jdk14\1.38\bctsp-jdk14-1.38.jar;C:\Users\Lalit Rajopadhye\.m2\repository\com\aventstack\extentreports\4.0.9\extentreports-4.0.9.jar;C:\Users\Lalit Rajopadhye\.m2\repository\org\mongodb\mongodb-driver\3.3.0\mongodb-driver-3.3.0.jar;C:\Users\Lalit Rajopadhye\.m2\repository\org\mongodb\mongodb-driver-core\3.3.0\mongodb-driver-core-3.3.0.jar;C:\Users\Lalit Rajopadhye\.m2\repository\org\mongodb\bson\3.3.0\bson-3.3.0.jar;C:\Users\Lalit Rajopadhye\.m2\repository\org\apache\httpcomponents\httpmime\4.5.2\httpmime-4.5.2.jar;C:\Users\Lalit Rajopadhye\.m2\repository\org\freemarker\freemarker\2.3.23\freemarker-2.3.23.jar;C:\Users\Lalit Rajopadhye\.m2\repository\org\apache\poi\poi\3.17\poi-3.17.jar;C:\Users\Lalit Rajopadhye\.m2\repository\org\apache\commons\commons-collections4\4.1\commons-collections4-4.1.jar;C:\Users\Lalit Rajopadhye\.m2\repository\org\apache\poi\poi-ooxml\3.17\poi-ooxml-3.17.jar;C:\Users\Lalit Rajopadhye\.m2\repository\com\github\virtuald\curvesapi\1.04\curvesapi-1.04.jar;C:\Users\Lalit Rajopadhye\.m2\repository\org\apache\poi\poi-scratchpad\3.17\poi-scratchpad-3.17.jar;C:\Users\Lalit Rajopadhye\.m2\repository\org\apache\poi\poi-ooxml-schemas\3.17\poi-ooxml-schemas-3.17.jar;C:\Users\Lalit Rajopadhye\.m2\repository\org\apache\xmlbeans\xmlbeans\2.6.0\xmlbeans-2.6.0.jar;C:\Users\Lalit Rajopadhye\.m2\repository\stax\stax-api\1.0.1\stax-api-1.0.1.jar;C:\Users\Lalit Rajopadhye\.m2\repository\com\opencsv\opencsv\4.1\opencsv-4.1.jar;C:\Users\Lalit Rajopadhye\.m2\repository\commons-beanutils\commons-beanutils\1.9.3\commons-beanutils-1.9.3.jar;C:\Users\Lalit Rajopadhye\.m2\repository\net\sourceforge\tess4j\tess4j\4.4.1\tess4j-4.4.1.jar;C:\Users\Lalit Rajopadhye\.m2\repository\net\java\dev\jna\jna\5.4.0\jna-5.4.0.jar;C:\Users\Lalit Rajopadhye\.m2\repository\com\github\jai-imageio\jai-imageio-core\1.4.0\jai-imageio-core-1.4.0.jar;C:\Users\Lalit Rajopadhye\.m2\repository\org\ghost4j\ghost4j\1.0.1\ghost4j-1.0.1.jar;C:\Users\Lalit Rajopadhye\.m2\repository\org\apache\xmlgraphics\xmlgraphics-commons\1.4\xmlgraphics-commons-1.4.jar;C:\Users\Lalit Rajopadhye\.m2\repository\com\lowagie\itext\2.1.7\itext-2.1.7.jar;C:\Users\Lalit Rajopadhye\.m2\repository\org\apache\pdfbox\pdfbox-tools\2.0.17\pdfbox-tools-2.0.17.jar;C:\Users\Lalit Rajopadhye\.m2\repository\org\apache\pdfbox\pdfbox-debugger\2.0.17\pdfbox-debugger-2.0.17.jar;C:\Users\Lalit Rajopadhye\.m2\repository\org\apache\pdfbox\jbig2-imageio\3.0.2\jbig2-imageio-3.0.2.jar;C:\Users\Lalit Rajopadhye\.m2\repository\net\sourceforge\lept4j\lept4j\1.12.3\lept4j-1.12.3.jar;C:\Users\Lalit Rajopadhye\.m2\repository\org\jboss\jboss-vfs\3.2.14.Final\jboss-vfs-3.2.14.Final.jar;C:\Users\Lalit Rajopadhye\.m2\repository\org\jboss\logging\jboss-logging\3.1.4.GA\jboss-logging-3.1.4.GA.jar;C:\Users\Lalit Rajopadhye\.m2\repository\ch\qos\logback\logback-classic\1.2.3\logback-classic-1.2.3.jar;C:\Users\Lalit Rajopadhye\.m2\repository\ch\qos\logback\logback-core\1.2.3\logback-core-1.2.3.jar;C:\Users\Lalit Rajopadhye\.m2\repository\org\slf4j\jul-to-slf4j\1.7.28\jul-to-slf4j-1.7.28.jar;C:\Users\Lalit Rajopadhye\.m2\repository\org\slf4j\jcl-over-slf4j\1.7.28\jcl-over-slf4j-1.7.28.jar;C:\Users\Lalit Rajopadhye\.m2\repository\org\slf4j\log4j-over-slf4j\1.7.28\log4j-over-slf4j-1.7.28.jar;"/>
    <property name="sun.cpu.endian" value="little"/>
    <property name="user.home" value="C:\Users\Lalit Rajopadhye"/>
    <property name="user.language" value="en"/>
    <property name="java.specification.vendor" value="Oracle Corporation"/>
    <property name="java.home" value="C:\Program Files\Java\jdk1.8.0_231\jre"/>
    <property name="basedir" value="D:\CarinaAppiumPOC"/>
    <property name="file.separator" value="\"/>
    <property name="line.separator" value="&#10;"/>
    <property name="java.vm.specification.vendor" value="Oracle Corporation"/>
    <property name="java.specification.name" value="Java Platform API Specification"/>
    <property name="java.awt.graphicsenv" value="sun.awt.Win32GraphicsEnvironment"/>
    <property name="surefire.real.class.path" value="C:\Users\Lalit Rajopadhye\AppData\Local\Temp\surefire7392889092622948366\surefirebooter424391826720903110.jar;C:\\Users\\Lalit Rajopadhye\\.m2\\repository\\org\\jacoco\\org.jacoco.agent\\0.7.9\\org.jacoco.agent-0.7.9-runtime.jar"/>
    <property name="sun.boot.class.path" value="C:\Program Files\Java\jdk1.8.0_231\jre\lib\resources.jar;C:\Program Files\Java\jdk1.8.0_231\jre\lib\rt.jar;C:\Program Files\Java\jdk1.8.0_231\jre\lib\sunrsasign.jar;C:\Program Files\Java\jdk1.8.0_231\jre\lib\jsse.jar;C:\Program Files\Java\jdk1.8.0_231\jre\lib\jce.jar;C:\Program Files\Java\jdk1.8.0_231\jre\lib\charsets.jar;C:\Program Files\Java\jdk1.8.0_231\jre\lib\jfr.jar;C:\Program Files\Java\jdk1.8.0_231\jre\classes"/>
    <property name="user.script" value=""/>
    <property name="sun.management.compiler" value="HotSpot 64-Bit Tiered Compilers"/>
    <property name="java.runtime.version" value="1.8.0_231-b11"/>
    <property name="user.name" value="Lalit Rajopadhye"/>
    <property name="path.separator" value=";"/>
    <property name="os.version" value="10.0"/>
    <property name="java.endorsed.dirs" value="C:\Program Files\Java\jdk1.8.0_231\jre\lib\endorsed"/>
    <property name="java.runtime.name" value="Java(TM) SE Runtime Environment"/>
    <property name="file.encoding" value="Cp1252"/>
    <property name="java.vm.name" value="Java HotSpot(TM) 64-Bit Server VM"/>
    <property name="localRepository" value="C:\Users\Lalit Rajopadhye\.m2\repository"/>
    <property name="java.vendor.url.bug" value="http://bugreport.sun.com/bugreport/"/>
    <property name="java.io.tmpdir" value="C:\Users\LALITR~1\AppData\Local\Temp\"/>
    <property name="java.version" value="1.8.0_231"/>
    <property name="user.dir" value="D:\CarinaAppiumPOC"/>
    <property name="os.arch" value="amd64"/>
    <property name="java.vm.specification.name" value="Java Virtual Machine Specification"/>
    <property name="java.awt.printerjob" value="sun.awt.windows.WPrinterJob"/>
    <property name="sun.os.patch.level" value=""/>
    <property name="java.library.path" value="C:\Program Files\Java\jdk1.8.0_231\jre\bin;C:\Windows\Sun\Java\bin;C:\Windows\system32;C:\Windows;C:\Users\Lalit Rajopadhye\Downloads\Android\Android\android-sdk\tools\bin;C:\Users\Lalit Rajopadhye\Downloads\Android\Android\android-sdk\tools;C:\Users\Lalit Rajopadhye\Downloads\Android\Android\android-sdk\platform-tools;C:\Program Files (x86)\Common Files\Oracle\Java\javapath;C:\Windows\system32;C:\Windows;C:\Windows\System32\Wbem;C:\Windows\System32\WindowsPowerShell\v1.0\;C:\Windows\System32\OpenSSH\;C:\ProgramData\chocolatey\bin;D:\Training Software\apache-maven-3.6.3\bin;C:\Program Files\Java\jdk1.8.0_231\bin;C:\Users\Qksysadmin\AppData\Local\Programs\Python\Python38-32\Scripts\;C:\Users\Qksysadmin\AppData\Local\Programs\Python\Python38-32\;C:\Users\Qksysadmin\AppData\Local\Microsoft\WindowsApps;C:\adb;C:\Program Files\Java\jre1.8.0_231\bin;C:\Program Files\nodejs\;C:\Users\Lalit Rajopadhye\AppData\Local\Microsoft\WindowsApps;D:\Git\cmd;."/>
    <property name="java.vm.info" value="mixed mode"/>
    <property name="java.vendor" value="Oracle Corporation"/>
    <property name="java.vm.version" value="25.231-b11"/>
    <property name="java.ext.dirs" value="C:\Program Files\Java\jdk1.8.0_231\jre\lib\ext;C:\Windows\Sun\Java\lib\ext"/>
    <property name="sun.io.unicode.encoding" value="UnicodeLittle"/>
    <property name="java.class.version" value="52.0"/>
  </properties>
  <testcase name="personalLoanEarlySalary1ToastMessage" classname="com.demo.tests.PersonalLoanFlow" time="85.833">
    <failure message="expected [Please enter valid number] but found [Please enter valid pincode]" type="java.lang.AssertionError">java.lang.AssertionError: expected [Please enter valid number] but found [Please enter valid pincode]
	at com.demo.tests.PersonalLoanFlow.personalLoanEarlySalary1ToastMessage(PersonalLoanFlow.java:47)
</failure>
    <system-out><![CDATA[11:48:02.767 [ForkJoinPool.commonPool-worker-1] DEBUG org.apache.commons.beanutils.converters.BooleanConverter - Setting default value: false
11:48:02.777 [ForkJoinPool.commonPool-worker-1] DEBUG org.apache.commons.beanutils.converters.BooleanConverter - Converting 'Boolean' value 'false' to type 'Boolean'
11:48:02.778 [ForkJoinPool.commonPool-worker-1] DEBUG org.apache.commons.beanutils.converters.BooleanConverter -     No conversion required, value is already a Boolean
11:48:02.790 [ForkJoinPool.commonPool-worker-1] DEBUG org.apache.commons.beanutils.converters.ByteConverter - Setting default value: 0
11:48:02.790 [ForkJoinPool.commonPool-worker-1] DEBUG org.apache.commons.beanutils.converters.ByteConverter - Converting 'Integer' value '0' to type 'Byte'
11:48:02.790 [ForkJoinPool.commonPool-worker-1] DEBUG org.apache.commons.beanutils.converters.ByteConverter -     Converted to Byte value '0'
11:48:02.792 [ForkJoinPool.commonPool-worker-1] DEBUG org.apache.commons.beanutils.converters.CharacterConverter - Setting default value:  
11:48:02.793 [ForkJoinPool.commonPool-worker-1] DEBUG org.apache.commons.beanutils.converters.CharacterConverter - Converting 'Character' value ' ' to type 'Character'
11:48:02.794 [ForkJoinPool.commonPool-worker-1] DEBUG org.apache.commons.beanutils.converters.CharacterConverter -     No conversion required, value is already a Character
11:48:02.796 [ForkJoinPool.commonPool-worker-1] DEBUG org.apache.commons.beanutils.converters.DoubleConverter - Setting default value: 0
11:48:02.797 [ForkJoinPool.commonPool-worker-1] DEBUG org.apache.commons.beanutils.converters.DoubleConverter - Converting 'Integer' value '0' to type 'Double'
11:48:02.797 [ForkJoinPool.commonPool-worker-1] DEBUG org.apache.commons.beanutils.converters.DoubleConverter -     Converted to Double value '0.0'
11:48:02.800 [ForkJoinPool.commonPool-worker-1] DEBUG org.apache.commons.beanutils.converters.FloatConverter - Setting default value: 0
11:48:02.800 [ForkJoinPool.commonPool-worker-1] DEBUG org.apache.commons.beanutils.converters.FloatConverter - Converting 'Integer' value '0' to type 'Float'
11:48:02.800 [ForkJoinPool.commonPool-worker-1] DEBUG org.apache.commons.beanutils.converters.FloatConverter -     Converted to Float value '0.0'
11:48:02.802 [ForkJoinPool.commonPool-worker-1] DEBUG org.apache.commons.beanutils.converters.IntegerConverter - Setting default value: 0
11:48:02.802 [ForkJoinPool.commonPool-worker-1] DEBUG org.apache.commons.beanutils.converters.IntegerConverter - Converting 'Integer' value '0' to type 'Integer'
11:48:02.803 [ForkJoinPool.commonPool-worker-1] DEBUG org.apache.commons.beanutils.converters.IntegerConverter -     No conversion required, value is already a Integer
11:48:02.805 [ForkJoinPool.commonPool-worker-1] DEBUG org.apache.commons.beanutils.converters.LongConverter - Setting default value: 0
11:48:02.806 [ForkJoinPool.commonPool-worker-1] DEBUG org.apache.commons.beanutils.converters.LongConverter - Converting 'Integer' value '0' to type 'Long'
11:48:02.806 [ForkJoinPool.commonPool-worker-1] DEBUG org.apache.commons.beanutils.converters.LongConverter -     Converted to Long value '0'
11:48:02.808 [ForkJoinPool.commonPool-worker-1] DEBUG org.apache.commons.beanutils.converters.ShortConverter - Setting default value: 0
11:48:02.808 [ForkJoinPool.commonPool-worker-1] DEBUG org.apache.commons.beanutils.converters.ShortConverter - Converting 'Integer' value '0' to type 'Short'
11:48:02.809 [ForkJoinPool.commonPool-worker-1] DEBUG org.apache.commons.beanutils.converters.ShortConverter -     Converted to Short value '0'
11:48:02.817 [ForkJoinPool.commonPool-worker-1] DEBUG org.apache.commons.beanutils.converters.BigDecimalConverter - Setting default value: 0.0
11:48:02.818 [ForkJoinPool.commonPool-worker-1] DEBUG org.apache.commons.beanutils.converters.BigDecimalConverter - Converting 'BigDecimal' value '0.0' to type 'BigDecimal'
11:48:02.818 [ForkJoinPool.commonPool-worker-1] DEBUG org.apache.commons.beanutils.converters.BigDecimalConverter -     No conversion required, value is already a BigDecimal
11:48:02.820 [ForkJoinPool.commonPool-worker-1] DEBUG org.apache.commons.beanutils.converters.BigIntegerConverter - Setting default value: 0
11:48:02.821 [ForkJoinPool.commonPool-worker-1] DEBUG org.apache.commons.beanutils.converters.BigIntegerConverter - Converting 'BigInteger' value '0' to type 'BigInteger'
11:48:02.821 [ForkJoinPool.commonPool-worker-1] DEBUG org.apache.commons.beanutils.converters.BigIntegerConverter -     No conversion required, value is already a BigInteger
11:48:02.822 [ForkJoinPool.commonPool-worker-1] DEBUG org.apache.commons.beanutils.converters.BooleanConverter - Setting default value: false
11:48:02.822 [ForkJoinPool.commonPool-worker-1] DEBUG org.apache.commons.beanutils.converters.BooleanConverter - Converting 'Boolean' value 'false' to type 'Boolean'
11:48:02.822 [ForkJoinPool.commonPool-worker-1] DEBUG org.apache.commons.beanutils.converters.BooleanConverter -     No conversion required, value is already a Boolean
11:48:02.823 [ForkJoinPool.commonPool-worker-1] DEBUG org.apache.commons.beanutils.converters.ByteConverter - Setting default value: 0
11:48:02.823 [ForkJoinPool.commonPool-worker-1] DEBUG org.apache.commons.beanutils.converters.ByteConverter - Converting 'Integer' value '0' to type 'Byte'
11:48:02.823 [ForkJoinPool.commonPool-worker-1] DEBUG org.apache.commons.beanutils.converters.ByteConverter -     Converted to Byte value '0'
11:48:02.823 [ForkJoinPool.commonPool-worker-1] DEBUG org.apache.commons.beanutils.converters.CharacterConverter - Setting default value:  
11:48:02.823 [ForkJoinPool.commonPool-worker-1] DEBUG org.apache.commons.beanutils.converters.CharacterConverter - Converting 'Character' value ' ' to type 'Character'
11:48:02.824 [ForkJoinPool.commonPool-worker-1] DEBUG org.apache.commons.beanutils.converters.CharacterConverter -     No conversion required, value is already a Character
11:48:02.824 [ForkJoinPool.commonPool-worker-1] DEBUG org.apache.commons.beanutils.converters.DoubleConverter - Setting default value: 0
11:48:02.824 [ForkJoinPool.commonPool-worker-1] DEBUG org.apache.commons.beanutils.converters.DoubleConverter - Converting 'Integer' value '0' to type 'Double'
11:48:02.824 [ForkJoinPool.commonPool-worker-1] DEBUG org.apache.commons.beanutils.converters.DoubleConverter -     Converted to Double value '0.0'
11:48:02.825 [ForkJoinPool.commonPool-worker-1] DEBUG org.apache.commons.beanutils.converters.FloatConverter - Setting default value: 0
11:48:02.825 [ForkJoinPool.commonPool-worker-1] DEBUG org.apache.commons.beanutils.converters.FloatConverter - Converting 'Integer' value '0' to type 'Float'
11:48:02.825 [ForkJoinPool.commonPool-worker-1] DEBUG org.apache.commons.beanutils.converters.FloatConverter -     Converted to Float value '0.0'
11:48:02.825 [ForkJoinPool.commonPool-worker-1] DEBUG org.apache.commons.beanutils.converters.IntegerConverter - Setting default value: 0
11:48:02.826 [ForkJoinPool.commonPool-worker-1] DEBUG org.apache.commons.beanutils.converters.IntegerConverter - Converting 'Integer' value '0' to type 'Integer'
11:48:02.826 [ForkJoinPool.commonPool-worker-1] DEBUG org.apache.commons.beanutils.converters.IntegerConverter -     No conversion required, value is already a Integer
11:48:02.826 [ForkJoinPool.commonPool-worker-1] DEBUG org.apache.commons.beanutils.converters.LongConverter - Setting default value: 0
11:48:02.826 [ForkJoinPool.commonPool-worker-1] DEBUG org.apache.commons.beanutils.converters.LongConverter - Converting 'Integer' value '0' to type 'Long'
11:48:02.826 [ForkJoinPool.commonPool-worker-1] DEBUG org.apache.commons.beanutils.converters.LongConverter -     Converted to Long value '0'
11:48:02.827 [ForkJoinPool.commonPool-worker-1] DEBUG org.apache.commons.beanutils.converters.ShortConverter - Setting default value: 0
11:48:02.827 [ForkJoinPool.commonPool-worker-1] DEBUG org.apache.commons.beanutils.converters.ShortConverter - Converting 'Integer' value '0' to type 'Short'
11:48:02.827 [ForkJoinPool.commonPool-worker-1] DEBUG org.apache.commons.beanutils.converters.ShortConverter -     Converted to Short value '0'
11:48:02.830 [ForkJoinPool.commonPool-worker-1] DEBUG org.apache.commons.beanutils.converters.StringConverter - Setting default value: 
11:48:02.831 [ForkJoinPool.commonPool-worker-1] DEBUG org.apache.commons.beanutils.converters.StringConverter - Converting 'String' value '' to type 'String'
11:48:02.859 [ForkJoinPool.commonPool-worker-1] DEBUG org.apache.commons.beanutils.converters.ArrayConverter - Setting default value: [Z@40bdbe5d
11:48:02.859 [ForkJoinPool.commonPool-worker-1] DEBUG org.apache.commons.beanutils.converters.ArrayConverter - Converting 'boolean[]' value '[Z@40bdbe5d' to type 'boolean[]'
11:48:02.859 [ForkJoinPool.commonPool-worker-1] DEBUG org.apache.commons.beanutils.converters.ArrayConverter -     No conversion required, value is already a boolean[]
11:48:02.860 [ForkJoinPool.commonPool-worker-1] DEBUG org.apache.commons.beanutils.converters.ArrayConverter - Setting default value: [B@138676e3
11:48:02.860 [ForkJoinPool.commonPool-worker-1] DEBUG org.apache.commons.beanutils.converters.ArrayConverter - Converting 'byte[]' value '[B@138676e3' to type 'byte[]'
11:48:02.862 [ForkJoinPool.commonPool-worker-1] DEBUG org.apache.commons.beanutils.converters.ArrayConverter -     No conversion required, value is already a byte[]
11:48:02.863 [ForkJoinPool.commonPool-worker-1] DEBUG org.apache.commons.beanutils.converters.ArrayConverter - Setting default value: [C@3ad849c0
11:48:02.863 [ForkJoinPool.commonPool-worker-1] DEBUG org.apache.commons.beanutils.converters.ArrayConverter - Converting 'char[]' value '[C@3ad849c0' to type 'char[]'
11:48:02.865 [ForkJoinPool.commonPool-worker-1] DEBUG org.apache.commons.beanutils.converters.ArrayConverter -     No conversion required, value is already a char[]
11:48:02.865 [ForkJoinPool.commonPool-worker-1] DEBUG org.apache.commons.beanutils.converters.ArrayConverter - Setting default value: [D@70dcc67d
11:48:02.866 [ForkJoinPool.commonPool-worker-1] DEBUG org.apache.commons.beanutils.converters.ArrayConverter - Converting 'double[]' value '[D@70dcc67d' to type 'double[]'
11:48:02.866 [ForkJoinPool.commonPool-worker-1] DEBUG org.apache.commons.beanutils.converters.ArrayConverter -     No conversion required, value is already a double[]
11:48:02.866 [ForkJoinPool.commonPool-worker-1] DEBUG org.apache.commons.beanutils.converters.ArrayConverter - Setting default value: [F@1523047c
11:48:02.867 [ForkJoinPool.commonPool-worker-1] DEBUG org.apache.commons.beanutils.converters.ArrayConverter - Converting 'float[]' value '[F@1523047c' to type 'float[]'
11:48:02.869 [ForkJoinPool.commonPool-worker-1] DEBUG org.apache.commons.beanutils.converters.ArrayConverter -     No conversion required, value is already a float[]
11:48:02.869 [ForkJoinPool.commonPool-worker-1] DEBUG org.apache.commons.beanutils.converters.ArrayConverter - Setting default value: [I@7bb405ab
11:48:02.870 [ForkJoinPool.commonPool-worker-1] DEBUG org.apache.commons.beanutils.converters.ArrayConverter - Converting 'int[]' value '[I@7bb405ab' to type 'int[]'
11:48:02.870 [ForkJoinPool.commonPool-worker-1] DEBUG org.apache.commons.beanutils.converters.ArrayConverter -     No conversion required, value is already a int[]
11:48:02.873 [ForkJoinPool.commonPool-worker-1] DEBUG org.apache.commons.beanutils.converters.ArrayConverter - Setting default value: [J@47fa37e9
11:48:02.873 [ForkJoinPool.commonPool-worker-1] DEBUG org.apache.commons.beanutils.converters.ArrayConverter - Converting 'long[]' value '[J@47fa37e9' to type 'long[]'
11:48:02.874 [ForkJoinPool.commonPool-worker-1] DEBUG org.apache.commons.beanutils.converters.ArrayConverter -     No conversion required, value is already a long[]
11:48:02.888 [ForkJoinPool.commonPool-worker-1] DEBUG org.apache.commons.beanutils.converters.ArrayConverter - Setting default value: [S@49f304d0
11:48:02.888 [ForkJoinPool.commonPool-worker-1] DEBUG org.apache.commons.beanutils.converters.ArrayConverter - Converting 'short[]' value '[S@49f304d0' to type 'short[]'
11:48:02.889 [ForkJoinPool.commonPool-worker-1] DEBUG org.apache.commons.beanutils.converters.ArrayConverter -     No conversion required, value is already a short[]
11:48:02.889 [ForkJoinPool.commonPool-worker-1] DEBUG org.apache.commons.beanutils.converters.ArrayConverter - Setting default value: [Ljava.math.BigDecimal;@4e2f1c8
11:48:02.890 [ForkJoinPool.commonPool-worker-1] DEBUG org.apache.commons.beanutils.converters.ArrayConverter - Converting 'BigDecimal[]' value '[Ljava.math.BigDecimal;@4e2f1c8' to type 'BigDecimal[]'
11:48:02.891 [ForkJoinPool.commonPool-worker-1] DEBUG org.apache.commons.beanutils.converters.ArrayConverter -     No conversion required, value is already a BigDecimal[]
11:48:02.892 [ForkJoinPool.commonPool-worker-1] DEBUG org.apache.commons.beanutils.converters.ArrayConverter - Setting default value: [Ljava.math.BigInteger;@21b93e22
11:48:02.892 [ForkJoinPool.commonPool-worker-1] DEBUG org.apache.commons.beanutils.converters.ArrayConverter - Converting 'BigInteger[]' value '[Ljava.math.BigInteger;@21b93e22' to type 'BigInteger[]'
11:48:02.892 [ForkJoinPool.commonPool-worker-1] DEBUG org.apache.commons.beanutils.converters.ArrayConverter -     No conversion required, value is already a BigInteger[]
11:48:02.893 [ForkJoinPool.commonPool-worker-1] DEBUG org.apache.commons.beanutils.converters.ArrayConverter - Setting default value: [Ljava.lang.Boolean;@2e2300c6
11:48:02.893 [ForkJoinPool.commonPool-worker-1] DEBUG org.apache.commons.beanutils.converters.ArrayConverter - Converting 'Boolean[]' value '[Ljava.lang.Boolean;@2e2300c6' to type 'Boolean[]'
11:48:02.893 [ForkJoinPool.commonPool-worker-1] DEBUG org.apache.commons.beanutils.converters.ArrayConverter -     No conversion required, value is already a Boolean[]
11:48:02.893 [ForkJoinPool.commonPool-worker-1] DEBUG org.apache.commons.beanutils.converters.ArrayConverter - Setting default value: [Ljava.lang.Byte;@5dae2a37
11:48:02.894 [ForkJoinPool.commonPool-worker-1] DEBUG org.apache.commons.beanutils.converters.ArrayConverter - Converting 'Byte[]' value '[Ljava.lang.Byte;@5dae2a37' to type 'Byte[]'
11:48:02.895 [ForkJoinPool.commonPool-worker-1] DEBUG org.apache.commons.beanutils.converters.ArrayConverter -     No conversion required, value is already a Byte[]
11:48:02.896 [ForkJoinPool.commonPool-worker-1] DEBUG org.apache.commons.beanutils.converters.ArrayConverter - Setting default value: [Ljava.lang.Character;@306a52d5
11:48:02.896 [ForkJoinPool.commonPool-worker-1] DEBUG org.apache.commons.beanutils.converters.ArrayConverter - Converting 'Character[]' value '[Ljava.lang.Character;@306a52d5' to type 'Character[]'
11:48:02.897 [ForkJoinPool.commonPool-worker-1] DEBUG org.apache.commons.beanutils.converters.ArrayConverter -     No conversion required, value is already a Character[]
11:48:02.898 [ForkJoinPool.commonPool-worker-1] DEBUG org.apache.commons.beanutils.converters.ArrayConverter - Setting default value: [Ljava.lang.Double;@5ba47703
11:48:02.898 [ForkJoinPool.commonPool-worker-1] DEBUG org.apache.commons.beanutils.converters.ArrayConverter - Converting 'Double[]' value '[Ljava.lang.Double;@5ba47703' to type 'Double[]'
11:48:02.898 [ForkJoinPool.commonPool-worker-1] DEBUG org.apache.commons.beanutils.converters.ArrayConverter -     No conversion required, value is already a Double[]
11:48:02.899 [ForkJoinPool.commonPool-worker-1] DEBUG org.apache.commons.beanutils.converters.ArrayConverter - Setting default value: [Ljava.lang.Float;@753089e6
11:48:02.899 [ForkJoinPool.commonPool-worker-1] DEBUG org.apache.commons.beanutils.converters.ArrayConverter - Converting 'Float[]' value '[Ljava.lang.Float;@753089e6' to type 'Float[]'
11:48:02.899 [ForkJoinPool.commonPool-worker-1] DEBUG org.apache.commons.beanutils.converters.ArrayConverter -     No conversion required, value is already a Float[]
11:48:02.899 [ForkJoinPool.commonPool-worker-1] DEBUG org.apache.commons.beanutils.converters.ArrayConverter - Setting default value: [Ljava.lang.Integer;@42cee2e5
11:48:02.900 [ForkJoinPool.commonPool-worker-1] DEBUG org.apache.commons.beanutils.converters.ArrayConverter - Converting 'Integer[]' value '[Ljava.lang.Integer;@42cee2e5' to type 'Integer[]'
11:48:02.902 [ForkJoinPool.commonPool-worker-1] DEBUG org.apache.commons.beanutils.converters.ArrayConverter -     No conversion required, value is already a Integer[]
11:48:02.903 [ForkJoinPool.commonPool-worker-1] DEBUG org.apache.commons.beanutils.converters.ArrayConverter - Setting default value: [Ljava.lang.Long;@50e4829f
11:48:02.903 [ForkJoinPool.commonPool-worker-1] DEBUG org.apache.commons.beanutils.converters.ArrayConverter - Converting 'Long[]' value '[Ljava.lang.Long;@50e4829f' to type 'Long[]'
11:48:02.904 [ForkJoinPool.commonPool-worker-1] DEBUG org.apache.commons.beanutils.converters.ArrayConverter -     No conversion required, value is already a Long[]
11:48:02.904 [ForkJoinPool.commonPool-worker-1] DEBUG org.apache.commons.beanutils.converters.ArrayConverter - Setting default value: [Ljava.lang.Short;@b7af6d4
11:48:02.904 [ForkJoinPool.commonPool-worker-1] DEBUG org.apache.commons.beanutils.converters.ArrayConverter - Converting 'Short[]' value '[Ljava.lang.Short;@b7af6d4' to type 'Short[]'
11:48:02.905 [ForkJoinPool.commonPool-worker-1] DEBUG org.apache.commons.beanutils.converters.ArrayConverter -     No conversion required, value is already a Short[]
11:48:02.905 [ForkJoinPool.commonPool-worker-1] DEBUG org.apache.commons.beanutils.converters.ArrayConverter - Setting default value: [Ljava.lang.String;@c603797
11:48:02.905 [ForkJoinPool.commonPool-worker-1] DEBUG org.apache.commons.beanutils.converters.ArrayConverter - Converting 'String[]' value '[Ljava.lang.String;@c603797' to type 'String[]'
11:48:02.905 [ForkJoinPool.commonPool-worker-1] DEBUG org.apache.commons.beanutils.converters.ArrayConverter -     No conversion required, value is already a String[]
11:48:02.905 [ForkJoinPool.commonPool-worker-1] DEBUG org.apache.commons.beanutils.converters.ArrayConverter - Setting default value: [Ljava.lang.Class;@59fe11a7
11:48:02.905 [ForkJoinPool.commonPool-worker-1] DEBUG org.apache.commons.beanutils.converters.ArrayConverter - Converting 'Class[]' value '[Ljava.lang.Class;@59fe11a7' to type 'Class[]'
11:48:02.905 [ForkJoinPool.commonPool-worker-1] DEBUG org.apache.commons.beanutils.converters.ArrayConverter -     No conversion required, value is already a Class[]
11:48:02.906 [ForkJoinPool.commonPool-worker-1] DEBUG org.apache.commons.beanutils.converters.ArrayConverter - Setting default value: [Ljava.util.Date;@4543fb4
11:48:02.906 [ForkJoinPool.commonPool-worker-1] DEBUG org.apache.commons.beanutils.converters.ArrayConverter - Converting 'Date[]' value '[Ljava.util.Date;@4543fb4' to type 'Date[]'
11:48:02.906 [ForkJoinPool.commonPool-worker-1] DEBUG org.apache.commons.beanutils.converters.ArrayConverter -     No conversion required, value is already a Date[]
11:48:02.906 [ForkJoinPool.commonPool-worker-1] DEBUG org.apache.commons.beanutils.converters.ArrayConverter - Setting default value: [Ljava.util.Calendar;@78c69455
11:48:02.906 [ForkJoinPool.commonPool-worker-1] DEBUG org.apache.commons.beanutils.converters.ArrayConverter - Converting 'Calendar[]' value '[Ljava.util.Calendar;@78c69455' to type 'Calendar[]'
11:48:02.907 [ForkJoinPool.commonPool-worker-1] DEBUG org.apache.commons.beanutils.converters.ArrayConverter -     No conversion required, value is already a Calendar[]
11:48:02.908 [ForkJoinPool.commonPool-worker-1] DEBUG org.apache.commons.beanutils.converters.ArrayConverter - Setting default value: [Ljava.io.File;@7490edcb
11:48:02.908 [ForkJoinPool.commonPool-worker-1] DEBUG org.apache.commons.beanutils.converters.ArrayConverter - Converting 'java.io.File[]' value '[Ljava.io.File;@7490edcb' to type 'java.io.File[]'
11:48:02.908 [ForkJoinPool.commonPool-worker-1] DEBUG org.apache.commons.beanutils.converters.ArrayConverter -     No conversion required, value is already a java.io.File[]
11:48:02.909 [ForkJoinPool.commonPool-worker-1] DEBUG org.apache.commons.beanutils.converters.ArrayConverter - Setting default value: [Ljava.sql.Date;@1afe8990
11:48:02.909 [ForkJoinPool.commonPool-worker-1] DEBUG org.apache.commons.beanutils.converters.ArrayConverter - Converting 'java.sql.Date[]' value '[Ljava.sql.Date;@1afe8990' to type 'java.sql.Date[]'
11:48:02.909 [ForkJoinPool.commonPool-worker-1] DEBUG org.apache.commons.beanutils.converters.ArrayConverter -     No conversion required, value is already a java.sql.Date[]
11:48:02.910 [ForkJoinPool.commonPool-worker-1] DEBUG org.apache.commons.beanutils.converters.ArrayConverter - Setting default value: [Ljava.sql.Time;@5ed68f00
11:48:02.911 [ForkJoinPool.commonPool-worker-1] DEBUG org.apache.commons.beanutils.converters.ArrayConverter - Converting 'java.sql.Time[]' value '[Ljava.sql.Time;@5ed68f00' to type 'java.sql.Time[]'
11:48:02.911 [ForkJoinPool.commonPool-worker-1] DEBUG org.apache.commons.beanutils.converters.ArrayConverter -     No conversion required, value is already a java.sql.Time[]
11:48:02.912 [ForkJoinPool.commonPool-worker-1] DEBUG org.apache.commons.beanutils.converters.ArrayConverter - Setting default value: [Ljava.sql.Timestamp;@50e564f4
11:48:02.913 [ForkJoinPool.commonPool-worker-1] DEBUG org.apache.commons.beanutils.converters.ArrayConverter - Converting 'java.sql.Timestamp[]' value '[Ljava.sql.Timestamp;@50e564f4' to type 'java.sql.Timestamp[]'
11:48:02.913 [ForkJoinPool.commonPool-worker-1] DEBUG org.apache.commons.beanutils.converters.ArrayConverter -     No conversion required, value is already a java.sql.Timestamp[]
11:48:02.913 [ForkJoinPool.commonPool-worker-1] DEBUG org.apache.commons.beanutils.converters.ArrayConverter - Setting default value: [Ljava.net.URL;@4987e723
11:48:02.913 [ForkJoinPool.commonPool-worker-1] DEBUG org.apache.commons.beanutils.converters.ArrayConverter - Converting 'java.net.URL[]' value '[Ljava.net.URL;@4987e723' to type 'java.net.URL[]'
11:48:02.914 [ForkJoinPool.commonPool-worker-1] DEBUG org.apache.commons.beanutils.converters.ArrayConverter -     No conversion required, value is already a java.net.URL[]
11:48:02.958 [ForkJoinPool.commonPool-worker-1] DEBUG org.apache.commons.configuration2.io.FileLocatorUtils - Loading configuration from the context classpath (zafira.properties)
2020-06-03 11:48:03 CarinaListener [main] [INFO] 
============= Test configuration =============
url={must_override}
env=DEMO
env_arg_resolver=com.qaprosoft.carina.core.foundation.utils.DefaultEnvArgResolver
browser=
browser_version=
browser_language=
selenium_host=http://127.0.0.1:4723/wd/hub
driver_event_listeners=
max_driver_count=3
custom_capabilities=
chrome_args=
chrome_experimental_opts=
chrome_mobile_emulation_opts=
firefox_args=
firefox_preferences=
app_version=
proxy_host=
proxy_port=
proxy_protocols=http,https,ftp
no_proxy=
browsermob_proxy=false
browsermob_host=
browsermob_port=0
browsermob_ports_range=
browsermob_disabled_mitm=false
proxy_set_to_system=false
report_url=
email_list=
failure_email_list=
track_known_issues=false
auto_screenshot=false
explicit_timeout=30
auto_download=false
auto_download_apps=
auto_download_folder=
custom_artifacts_folder=
retry_interval=5
project_report_directory=./reports/qa
max_screen_history=100
max_log_file_size=150
result_sorting=true
big_screen_width=2000
big_screen_height=2500
small_screen_width=90
small_screen_height=60
init_retry_count=0
init_retry_interval=1
retry_count=0
enable_l10n=true
l10n_encoding=ISO-8859-1
locale=en_US
enable_i18n=true
language=en_US
thread_count=1
data_provider_thread_count=1
core_log_level=INFO
core_log_packages=com.qaprosoft.carina.core
artifacts_expiration_seconds=2592000
log_all_json=true
date_format=HH:mm:ss yyyy-MM-dd
time_format=HH:mm:ss
suite_name=
jira_updater=com.qaprosoft.carina.core.foundation.jira.DefaultJiraUpdater
jira_url=
jira_user=
jira_password=
jira_suite_id=
jira_project=
jira_project_short=
jira_create_new_ticket=false
test_naming_pattern={method_name}
testrail_run_name=
testrail_milestone=
testrail_assignee=
qtest_cycle_name=DailyAutomation
qtest_suite_name=
s3_bucket_name=
access_key_id=
secret_key=
s3_use_presign_url=false
s3_local_storage=.
appcenter_token=
appcenter_local_storage=.
add_new_localization=false
add_new_localization_encoding=utf-8
add_new_localization_path=
add_new_localization_property_name=new_custom_messages_
tls_keysecure_location=
health_check_class=
health_check_methods=
uninstall_related_apps=false
default_device_timezone=GMT
default_device_time_format=24
default_device_language=en_US
android_screen_record_size=
android_screen_record_bitrate=1000000
android_enable_bug_report=true
ios_screen_record_quality=MEDIUM
ios_screen_record_codec=libx264
ios_screen_record_fps=10
screen_record_duration=180
video_scale=-2:720
ignore_ssl=false
test_run_rules=
hub_mode=selenium
selenium_host=http://127.0.0.1:4723/wd/hub

------------- Driver capabilities -----------
capabilities.deviceName=Galaxy J5 Prime
capabilities.appPackage=com.realmepay.payments
capabilities.noReset=true
capabilities.appActivity=com.realmepay.payments.ui.splash.RealmeSplashScreen
capabilities.automationName=uiautomator2
capabilities.newCommandTimeout=300
capabilities.platformName=ANDROID
capabilities.deviceType=phone
capabilities.udid=42007b03e08954c5
capabilities.autoGrantPermissions=true
================================================

11:48:03.622 [main] DEBUG org.reflections.Reflections - going to scan these urls:
file:/D:/CarinaAppiumPOC/target/classes/
file:/D:/CarinaAppiumPOC/target/test-classes/
11:48:03.686 [main] DEBUG org.reflections.Reflections - could not scan file _testdata.properties in url file:/D:/CarinaAppiumPOC/target/classes/ with scanner TypeAnnotationsScanner
11:48:03.697 [main] DEBUG org.reflections.Reflections - could not scan file _testdata.properties in url file:/D:/CarinaAppiumPOC/target/classes/ with scanner SubTypesScanner
11:48:03.698 [main] DEBUG org.reflections.Reflections - could not scan file _email.properties in url file:/D:/CarinaAppiumPOC/target/classes/ with scanner TypeAnnotationsScanner
11:48:03.700 [main] DEBUG org.reflections.Reflections - could not scan file _email.properties in url file:/D:/CarinaAppiumPOC/target/classes/ with scanner SubTypesScanner
11:48:03.701 [main] DEBUG org.reflections.Reflections - could not scan file _database.properties in url file:/D:/CarinaAppiumPOC/target/classes/ with scanner TypeAnnotationsScanner
11:48:03.702 [main] DEBUG org.reflections.Reflections - could not scan file _database.properties in url file:/D:/CarinaAppiumPOC/target/classes/ with scanner SubTypesScanner
11:48:03.703 [main] DEBUG org.reflections.Reflections - could not scan file _config.properties in url file:/D:/CarinaAppiumPOC/target/classes/ with scanner TypeAnnotationsScanner
11:48:03.704 [main] DEBUG org.reflections.Reflections - could not scan file _config.properties in url file:/D:/CarinaAppiumPOC/target/classes/ with scanner SubTypesScanner
11:48:03.705 [main] DEBUG org.reflections.Reflections - could not scan file _api.properties in url file:/D:/CarinaAppiumPOC/target/classes/ with scanner TypeAnnotationsScanner
11:48:03.706 [main] DEBUG org.reflections.Reflections - could not scan file _api.properties in url file:/D:/CarinaAppiumPOC/target/classes/ with scanner SubTypesScanner
11:48:03.707 [main] DEBUG org.reflections.Reflections - could not scan file zafira.properties in url file:/D:/CarinaAppiumPOC/target/classes/ with scanner TypeAnnotationsScanner
11:48:03.707 [main] DEBUG org.reflections.Reflections - could not scan file zafira.properties in url file:/D:/CarinaAppiumPOC/target/classes/ with scanner SubTypesScanner
11:48:03.708 [main] DEBUG org.reflections.Reflections - could not scan file crypto.key in url file:/D:/CarinaAppiumPOC/target/classes/ with scanner TypeAnnotationsScanner
11:48:03.709 [main] DEBUG org.reflections.Reflections - could not scan file crypto.key in url file:/D:/CarinaAppiumPOC/target/classes/ with scanner SubTypesScanner
11:48:03.881 [main] DEBUG org.reflections.Reflections - could not scan file application.properties in url file:/D:/CarinaAppiumPOC/target/classes/ with scanner TypeAnnotationsScanner
11:48:03.881 [main] DEBUG org.reflections.Reflections - could not scan file application.properties in url file:/D:/CarinaAppiumPOC/target/classes/ with scanner SubTypesScanner
11:48:03.897 [main] DEBUG org.reflections.Reflections - could not scan file xls/demo.xlsx in url file:/D:/CarinaAppiumPOC/target/test-classes/ with scanner TypeAnnotationsScanner
11:48:03.899 [main] DEBUG org.reflections.Reflections - could not scan file xls/demo.xlsx in url file:/D:/CarinaAppiumPOC/target/test-classes/ with scanner SubTypesScanner
11:48:03.902 [main] DEBUG org.reflections.Reflections - could not scan file testng_suites/web.xml in url file:/D:/CarinaAppiumPOC/target/test-classes/ with scanner TypeAnnotationsScanner
11:48:03.910 [main] DEBUG org.reflections.Reflections - could not scan file testng_suites/web.xml in url file:/D:/CarinaAppiumPOC/target/test-classes/ with scanner SubTypesScanner
11:48:03.913 [main] DEBUG org.reflections.Reflections - could not scan file testng_suites/test-params.xml in url file:/D:/CarinaAppiumPOC/target/test-classes/ with scanner TypeAnnotationsScanner
11:48:03.917 [main] DEBUG org.reflections.Reflections - could not scan file testng_suites/test-params.xml in url file:/D:/CarinaAppiumPOC/target/test-classes/ with scanner SubTypesScanner
11:48:03.918 [main] DEBUG org.reflections.Reflections - could not scan file testng_suites/tags.xml in url file:/D:/CarinaAppiumPOC/target/test-classes/ with scanner TypeAnnotationsScanner
11:48:03.920 [main] DEBUG org.reflections.Reflections - could not scan file testng_suites/tags.xml in url file:/D:/CarinaAppiumPOC/target/test-classes/ with scanner SubTypesScanner
11:48:03.922 [main] DEBUG org.reflections.Reflections - could not scan file testng_suites/ios.xml in url file:/D:/CarinaAppiumPOC/target/test-classes/ with scanner TypeAnnotationsScanner
11:48:03.923 [main] DEBUG org.reflections.Reflections - could not scan file testng_suites/ios.xml in url file:/D:/CarinaAppiumPOC/target/test-classes/ with scanner SubTypesScanner
11:48:03.924 [main] DEBUG org.reflections.Reflections - could not scan file testng_suites/api.xml in url file:/D:/CarinaAppiumPOC/target/test-classes/ with scanner TypeAnnotationsScanner
11:48:03.925 [main] DEBUG org.reflections.Reflections - could not scan file testng_suites/api.xml in url file:/D:/CarinaAppiumPOC/target/test-classes/ with scanner SubTypesScanner
11:48:03.926 [main] DEBUG org.reflections.Reflections - could not scan file testng_suites/android.xml in url file:/D:/CarinaAppiumPOC/target/test-classes/ with scanner TypeAnnotationsScanner
11:48:03.927 [main] DEBUG org.reflections.Reflections - could not scan file testng_suites/android.xml in url file:/D:/CarinaAppiumPOC/target/test-classes/ with scanner SubTypesScanner
11:48:03.934 [main] DEBUG org.reflections.Reflections - could not scan file api/users/_post/rs.json in url file:/D:/CarinaAppiumPOC/target/test-classes/ with scanner TypeAnnotationsScanner
11:48:03.935 [main] DEBUG org.reflections.Reflections - could not scan file api/users/_post/rs.json in url file:/D:/CarinaAppiumPOC/target/test-classes/ with scanner SubTypesScanner
11:48:03.937 [main] DEBUG org.reflections.Reflections - could not scan file api/users/_post/rq.json in url file:/D:/CarinaAppiumPOC/target/test-classes/ with scanner TypeAnnotationsScanner
11:48:03.937 [main] DEBUG org.reflections.Reflections - could not scan file api/users/_post/rq.json in url file:/D:/CarinaAppiumPOC/target/test-classes/ with scanner SubTypesScanner
11:48:03.939 [main] DEBUG org.reflections.Reflections - could not scan file api/users/_get/rs.schema in url file:/D:/CarinaAppiumPOC/target/test-classes/ with scanner TypeAnnotationsScanner
11:48:03.939 [main] DEBUG org.reflections.Reflections - could not scan file api/users/_get/rs.schema in url file:/D:/CarinaAppiumPOC/target/test-classes/ with scanner SubTypesScanner
11:48:03.941 [main] DEBUG org.reflections.Reflections - could not scan file api/users/_get/rs.json in url file:/D:/CarinaAppiumPOC/target/test-classes/ with scanner TypeAnnotationsScanner
11:48:03.942 [main] DEBUG org.reflections.Reflections - could not scan file api/users/_get/rs.json in url file:/D:/CarinaAppiumPOC/target/test-classes/ with scanner SubTypesScanner
11:48:03.943 [main] DEBUG org.reflections.Reflections - could not scan file api/users/_delete/rs.json in url file:/D:/CarinaAppiumPOC/target/test-classes/ with scanner TypeAnnotationsScanner
11:48:03.944 [main] DEBUG org.reflections.Reflections - could not scan file api/users/_delete/rs.json in url file:/D:/CarinaAppiumPOC/target/test-classes/ with scanner SubTypesScanner
11:48:03.946 [main] DEBUG org.reflections.Reflections - could not scan file api/users/_delete/rq.json in url file:/D:/CarinaAppiumPOC/target/test-classes/ with scanner TypeAnnotationsScanner
11:48:03.947 [main] DEBUG org.reflections.Reflections - could not scan file api/users/_delete/rq.json in url file:/D:/CarinaAppiumPOC/target/test-classes/ with scanner SubTypesScanner
11:48:03.948 [main] DEBUG org.reflections.Reflections - could not scan file api/users/user.properties in url file:/D:/CarinaAppiumPOC/target/test-classes/ with scanner TypeAnnotationsScanner
11:48:03.949 [main] DEBUG org.reflections.Reflections - could not scan file api/users/user.properties in url file:/D:/CarinaAppiumPOC/target/test-classes/ with scanner SubTypesScanner
11:48:03.955 [main] INFO org.reflections.Reflections - Reflections took 326 ms to scan 2 urls, producing 9 keys and 22 values 
2020-06-03 11:48:04 CarinaListener [main-1] [INFO] CARINA_CORE_VERSION: 6.4.35
2020-06-03 11:48:08 Messager [TestNG-PoolService-0-1] [INFO]  TEST [Carina Appium POC - personalLoanEarlySalary1ToastMessage] STARTED at [11:48:08 2020-06-03]
11:48:35.668 [TestNG-PoolService-0] DEBUG org.apache.commons.configuration2.io.FileLocatorUtils - Loading configuration from the context classpath (alice.properties)
2020-06-03 11:48:41 DriverListener [TestNG-PoolService-0-18] [INFO] [SM-G615F] PASS: element 'personalLoanBtn' is clicked.
2020-06-03 11:48:50 DriverListener [TestNG-PoolService-0-18] [INFO] [SM-G615F] PASS: element 'salariedTab' is clicked.
2020-06-03 11:48:52 DriverListener [TestNG-PoolService-0-18] [INFO] [SM-G615F] PASS: keys cleared in element 'loanAmountEntryField'.
2020-06-03 11:48:53 DriverListener [TestNG-PoolService-0-18] [INFO] [SM-G615F] PASS: keys '75000' are sent to element 'loanAmountEntryField'.
2020-06-03 11:48:54 DriverListener [TestNG-PoolService-0-18] [INFO] [SM-G615F] PASS: keys cleared in element 'tenureMonthsEntryField'.
2020-06-03 11:48:55 DriverListener [TestNG-PoolService-0-18] [INFO] [SM-G615F] PASS: keys '12' are sent to element 'tenureMonthsEntryField'.
2020-06-03 11:48:56 DriverListener [TestNG-PoolService-0-18] [INFO] [SM-G615F] PASS: keys cleared in element 'monthlyIncomeEntryField'.
2020-06-03 11:48:58 DriverListener [TestNG-PoolService-0-18] [INFO] [SM-G615F] PASS: keys '35000' are sent to element 'monthlyIncomeEntryField'.
2020-06-03 11:48:58 DriverHelper [TestNG-PoolService-0-18] [INFO] [SM-G615F] 11:48:58.244   Calender Start Time
2020-06-03 11:48:59 DriverListener [TestNG-PoolService-0-18] [INFO] [SM-G615F] PASS: element 'birthDateEntryField' is clicked.
2020-06-03 11:49:01 DriverListener [TestNG-PoolService-0-18] [INFO] [SM-G615F] PASS: element 'selectYear' is clicked.
2020-06-03 11:49:23 DriverListener [TestNG-PoolService-0-18] [INFO] [SM-G615F] PASS: element 'calenderOkBtn' is clicked.
2020-06-03 11:49:23 DriverHelper [TestNG-PoolService-0-18] [INFO] [SM-G615F] 11:49:23.536   Calender End Time
2020-06-03 11:49:30 DriverListener [TestNG-PoolService-0-18] [INFO] [SM-G615F] PASS: keys cleared in element 'pinCodeEntryField'.
2020-06-03 11:49:31 DriverListener [TestNG-PoolService-0-18] [INFO] [SM-G615F] PASS: keys '40000' are sent to element 'pinCodeEntryField'.
2020-06-03 11:49:32 DriverListener [TestNG-PoolService-0-18] [INFO] [SM-G615F] PASS: element 'noRadioBtn' is clicked.
2020-06-03 11:49:33 DriverListener [TestNG-PoolService-0-18] [INFO] [SM-G615F] PASS: element 'checkBox' is clicked.
2020-06-03 11:49:34 DriverListener [TestNG-PoolService-0-18] [INFO] [SM-G615F] PASS: element 'nextBtn' is clicked.
Please enter valid pincode
]]></system-out>
    <system-err><![CDATA[Jun 03, 2020 11:48:29 AM org.openqa.selenium.remote.ProtocolHandshake createSession
INFO: Detected dialect: W3C
]]></system-err>
  </testcase>
  <testcase name="personalLoanEarlySalary2PositiveFlow" classname="com.demo.tests.PersonalLoanFlow" time="218.892"/>
</testsuite>