<?xml version="1.0" encoding="UTF-8"?>
<!-- Generated by org.testng.reporters.JUnitReportReporter -->
<testsuite skipped="0" hostname="QKNBK629" name="com.demo.tests.DemoTest" tests="1" failures="0" timestamp="31 May 2020 07:31:37 GMT" time="94.573" errors="0">
  <testcase name="personalLoanEarlySalary" time="94.573" classname="com.demo.tests.DemoTest"/>
</testsuite> <!-- com.demo.tests.DemoTest -->
