<?xml version="1.0" encoding="UTF-8"?>
<!-- Generated by org.testng.reporters.JUnitReportReporter -->
<testsuite hostname="QKNBK577" name="com.ltfs.tests.LTFSTest" tests="1" failures="0" timestamp="2 Apr 2020 10:54:20 GMT" time="153.888" errors="0">
  <testcase name="testLoginUser" time="153.888" classname="com.ltfs.tests.LTFSTest"/>
</testsuite> <!-- com.ltfs.tests.LTFSTest -->
